Loading missing reports data...
Mengambil data dari database Supabase...
[2/2802] Fetching Quinos: LA.PIAZZA @ 2025-01-01...
[3/2802] Fetching Quinos: MKG @ 2025-01-01...
[8/2802] Fetching Quinos: LA.PIAZZA @ 2025-01-02...
[9/2802] Fetching Quinos: MKG @ 2025-01-02...
[14/2802] Fetching Quinos: LA.PIAZZA @ 2025-01-03...
[15/2802] Fetching Quinos: MKG @ 2025-01-03...
[20/2802] Fetching Quinos: LA.PIAZZA @ 2025-01-04...
[21/2802] Fetching Quinos: MKG @ 2025-01-04...
[26/2802] Fetching Quinos: LA.PIAZZA @ 2025-01-05...
[27/2802] Fetching Quinos: MKG @ 2025-01-05...
[32/2802] Fetching Quinos: LA.PIAZZA @ 2025-01-06...
[33/2802] Fetching Quinos: MKG @ 2025-01-06...
[38/2802] Fetching Quinos: LA.PIAZZA @ 2025-01-07...
[39/2802] Fetching Quinos: MKG @ 2025-01-07...
[44/2802] Fetching Quinos: LA.PIAZZA @ 2025-01-08...
[45/2802] Fetching Quinos: MKG @ 2025-01-08...
[50/2802] Fetching Quinos: LA.PIAZZA @ 2025-01-09...
[51/2802] Fetching Quinos: MKG @ 2025-01-09...
[56/2802] Fetching Quinos: LA.PIAZZA @ 2025-01-10...
[57/2802] Fetching Quinos: MKG @ 2025-01-10...
[62/2802] Fetching Quinos: LA.PIAZZA @ 2025-01-11...
[63/2802] Fetching Quinos: MKG @ 2025-01-11...
[68/2802] Fetching Quinos: LA.PIAZZA @ 2025-01-12...
[69/2802] Fetching Quinos: MKG @ 2025-01-12...
[74/2802] Fetching Quinos: LA.PIAZZA @ 2025-01-13...
[75/2802] Fetching Quinos: MKG @ 2025-01-13...
[80/2802] Fetching Quinos: LA.PIAZZA @ 2025-01-14...
[81/2802] Fetching Quinos: MKG @ 2025-01-14...
[86/2802] Fetching Quinos: LA.PIAZZA @ 2025-01-15...
[87/2802] Fetching Quinos: MKG @ 2025-01-15...
[92/2802] Fetching Quinos: LA.PIAZZA @ 2025-01-16...
[93/2802] Fetching Quinos: MKG @ 2025-01-16...
[98/2802] Fetching Quinos: LA.PIAZZA @ 2025-01-17...
[99/2802] Fetching Quinos: MKG @ 2025-01-17...
[104/2802] Fetching Quinos: LA.PIAZZA @ 2025-01-18...
[105/2802] Fetching Quinos: MKG @ 2025-01-18...
[110/2802] Fetching Quinos: LA.PIAZZA @ 2025-01-19...
[111/2802] Fetching Quinos: MKG @ 2025-01-19...
[116/2802] Fetching Quinos: LA.PIAZZA @ 2025-01-20...
[117/2802] Fetching Quinos: MKG @ 2025-01-20...
[122/2802] Fetching Quinos: LA.PIAZZA @ 2025-01-21...
[123/2802] Fetching Quinos: MKG @ 2025-01-21...
[128/2802] Fetching Quinos: LA.PIAZZA @ 2025-01-22...
[129/2802] Fetching Quinos: MKG @ 2025-01-22...
[134/2802] Fetching Quinos: LA.PIAZZA @ 2025-01-23...
[135/2802] Fetching Quinos: MKG @ 2025-01-23...
[140/2802] Fetching Quinos: LA.PIAZZA @ 2025-01-24...
[141/2802] Fetching Quinos: MKG @ 2025-01-24...
[146/2802] Fetching Quinos: LA.PIAZZA @ 2025-01-25...
[147/2802] Fetching Quinos: MKG @ 2025-01-25...
[152/2802] Fetching Quinos: LA.PIAZZA @ 2025-01-26...
[153/2802] Fetching Quinos: MKG @ 2025-01-26...
[158/2802] Fetching Quinos: LA.PIAZZA @ 2025-01-27...
[159/2802] Fetching Quinos: MKG @ 2025-01-27...
[164/2802] Fetching Quinos: LA.PIAZZA @ 2025-01-28...
[165/2802] Fetching Quinos: MKG @ 2025-01-28...
[170/2802] Fetching Quinos: LA.PIAZZA @ 2025-01-29...
[171/2802] Fetching Quinos: MKG @ 2025-01-29...
[176/2802] Fetching Quinos: LA.PIAZZA @ 2025-01-30...
[177/2802] Fetching Quinos: MKG @ 2025-01-30...
[182/2802] Fetching Quinos: LA.PIAZZA @ 2025-01-31...
[183/2802] Fetching Quinos: MKG @ 2025-01-31...
[188/2802] Fetching Quinos: LA.PIAZZA @ 2025-02-01...
[189/2802] Fetching Quinos: MKG @ 2025-02-01...
[194/2802] Fetching Quinos: LA.PIAZZA @ 2025-02-02...
[195/2802] Fetching Quinos: MKG @ 2025-02-02...
[200/2802] Fetching Quinos: LA.PIAZZA @ 2025-02-03...
[201/2802] Fetching Quinos: MKG @ 2025-02-03...
[206/2802] Fetching Quinos: LA.PIAZZA @ 2025-02-04...
[207/2802] Fetching Quinos: MKG @ 2025-02-04...
[212/2802] Fetching Quinos: LA.PIAZZA @ 2025-02-05...
[213/2802] Fetching Quinos: MKG @ 2025-02-05...
[218/2802] Fetching Quinos: LA.PIAZZA @ 2025-02-06...
[219/2802] Fetching Quinos: MKG @ 2025-02-06...
[224/2802] Fetching Quinos: LA.PIAZZA @ 2025-02-07...
[225/2802] Fetching Quinos: MKG @ 2025-02-07...
[230/2802] Fetching Quinos: LA.PIAZZA @ 2025-02-08...
[231/2802] Fetching Quinos: MKG @ 2025-02-08...
[236/2802] Fetching Quinos: LA.PIAZZA @ 2025-02-09...
[237/2802] Fetching Quinos: MKG @ 2025-02-09...
[242/2802] Fetching Quinos: LA.PIAZZA @ 2025-02-10...
[243/2802] Fetching Quinos: MKG @ 2025-02-10...
[248/2802] Fetching Quinos: LA.PIAZZA @ 2025-02-11...
[249/2802] Fetching Quinos: MKG @ 2025-02-11...
[254/2802] Fetching Quinos: LA.PIAZZA @ 2025-02-12...
[255/2802] Fetching Quinos: MKG @ 2025-02-12...
[260/2802] Fetching Quinos: LA.PIAZZA @ 2025-02-13...
[261/2802] Fetching Quinos: MKG @ 2025-02-13...
[266/2802] Fetching Quinos: LA.PIAZZA @ 2025-02-14...
[267/2802] Fetching Quinos: MKG @ 2025-02-14...
[272/2802] Fetching Quinos: LA.PIAZZA @ 2025-02-15...
[273/2802] Fetching Quinos: MKG @ 2025-02-15...
[278/2802] Fetching Quinos: LA.PIAZZA @ 2025-02-16...
[279/2802] Fetching Quinos: MKG @ 2025-02-16...
[284/2802] Fetching Quinos: LA.PIAZZA @ 2025-02-17...
[285/2802] Fetching Quinos: MKG @ 2025-02-17...
[290/2802] Fetching Quinos: LA.PIAZZA @ 2025-02-18...
[291/2802] Fetching Quinos: MKG @ 2025-02-18...
[296/2802] Fetching Quinos: LA.PIAZZA @ 2025-02-19...
[297/2802] Fetching Quinos: MKG @ 2025-02-19...
[302/2802] Fetching Quinos: LA.PIAZZA @ 2025-02-20...
[303/2802] Fetching Quinos: MKG @ 2025-02-20...
[308/2802] Fetching Quinos: LA.PIAZZA @ 2025-02-21...
[309/2802] Fetching Quinos: MKG @ 2025-02-21...
[314/2802] Fetching Quinos: LA.PIAZZA @ 2025-02-22...
[315/2802] Fetching Quinos: MKG @ 2025-02-22...
[320/2802] Fetching Quinos: LA.PIAZZA @ 2025-02-23...
[321/2802] Fetching Quinos: MKG @ 2025-02-23...
[326/2802] Fetching Quinos: LA.PIAZZA @ 2025-02-24...
[327/2802] Fetching Quinos: MKG @ 2025-02-24...
[332/2802] Fetching Quinos: LA.PIAZZA @ 2025-02-25...
[333/2802] Fetching Quinos: MKG @ 2025-02-25...
[338/2802] Fetching Quinos: LA.PIAZZA @ 2025-02-26...
[339/2802] Fetching Quinos: MKG @ 2025-02-26...
[344/2802] Fetching Quinos: LA.PIAZZA @ 2025-02-27...
[345/2802] Fetching Quinos: MKG @ 2025-02-27...
[350/2802] Fetching Quinos: LA.PIAZZA @ 2025-02-28...
[351/2802] Fetching Quinos: MKG @ 2025-02-28...
[356/2802] Fetching Quinos: LA.PIAZZA @ 2025-03-01...
[357/2802] Fetching Quinos: MKG @ 2025-03-01...
[362/2802] Fetching Quinos: LA.PIAZZA @ 2025-03-02...
[363/2802] Fetching Quinos: MKG @ 2025-03-02...
[368/2802] Fetching Quinos: LA.PIAZZA @ 2025-03-03...
[369/2802] Fetching Quinos: MKG @ 2025-03-03...
[374/2802] Fetching Quinos: LA.PIAZZA @ 2025-03-04...
[375/2802] Fetching Quinos: MKG @ 2025-03-04...
[380/2802] Fetching Quinos: LA.PIAZZA @ 2025-03-05...
[381/2802] Fetching Quinos: MKG @ 2025-03-05...
[386/2802] Fetching Quinos: LA.PIAZZA @ 2025-03-06...
[387/2802] Fetching Quinos: MKG @ 2025-03-06...
[392/2802] Fetching Quinos: LA.PIAZZA @ 2025-03-07...
[393/2802] Fetching Quinos: MKG @ 2025-03-07...
[398/2802] Fetching Quinos: LA.PIAZZA @ 2025-03-08...
[399/2802] Fetching Quinos: MKG @ 2025-03-08...
[404/2802] Fetching Quinos: LA.PIAZZA @ 2025-03-09...
[405/2802] Fetching Quinos: MKG @ 2025-03-09...
[410/2802] Fetching Quinos: LA.PIAZZA @ 2025-03-10...
[411/2802] Fetching Quinos: MKG @ 2025-03-10...
[416/2802] Fetching Quinos: LA.PIAZZA @ 2025-03-11...
[417/2802] Fetching Quinos: MKG @ 2025-03-11...
[422/2802] Fetching Quinos: LA.PIAZZA @ 2025-03-12...
[423/2802] Fetching Quinos: MKG @ 2025-03-12...
[428/2802] Fetching Quinos: LA.PIAZZA @ 2025-03-13...
[429/2802] Fetching Quinos: MKG @ 2025-03-13...
[434/2802] Fetching Quinos: LA.PIAZZA @ 2025-03-14...
[435/2802] Fetching Quinos: MKG @ 2025-03-14...
[440/2802] Fetching Quinos: LA.PIAZZA @ 2025-03-15...
[441/2802] Fetching Quinos: MKG @ 2025-03-15...
[446/2802] Fetching Quinos: LA.PIAZZA @ 2025-03-16...
[447/2802] Fetching Quinos: MKG @ 2025-03-16...
[452/2802] Fetching Quinos: LA.PIAZZA @ 2025-03-17...
[453/2802] Fetching Quinos: MKG @ 2025-03-17...
[458/2802] Fetching Quinos: LA.PIAZZA @ 2025-03-18...
[459/2802] Fetching Quinos: MKG @ 2025-03-18...
[464/2802] Fetching Quinos: LA.PIAZZA @ 2025-03-19...
[465/2802] Fetching Quinos: MKG @ 2025-03-19...
[470/2802] Fetching Quinos: LA.PIAZZA @ 2025-03-20...
[471/2802] Fetching Quinos: MKG @ 2025-03-20...
[476/2802] Fetching Quinos: LA.PIAZZA @ 2025-03-21...
[477/2802] Fetching Quinos: MKG @ 2025-03-21...
[482/2802] Fetching Quinos: LA.PIAZZA @ 2025-03-22...
[483/2802] Fetching Quinos: MKG @ 2025-03-22...
[488/2802] Fetching Quinos: LA.PIAZZA @ 2025-03-23...
[489/2802] Fetching Quinos: MKG @ 2025-03-23...
[494/2802] Fetching Quinos: LA.PIAZZA @ 2025-03-24...
[495/2802] Fetching Quinos: MKG @ 2025-03-24...
[500/2802] Fetching Quinos: LA.PIAZZA @ 2025-03-25...
[501/2802] Fetching Quinos: MKG @ 2025-03-25...
[506/2802] Fetching Quinos: LA.PIAZZA @ 2025-03-26...
[507/2802] Fetching Quinos: MKG @ 2025-03-26...
[512/2802] Fetching Quinos: LA.PIAZZA @ 2025-03-27...
[513/2802] Fetching Quinos: MKG @ 2025-03-27...
[518/2802] Fetching Quinos: LA.PIAZZA @ 2025-03-28...
[519/2802] Fetching Quinos: MKG @ 2025-03-28...
[524/2802] Fetching Quinos: LA.PIAZZA @ 2025-03-29...
[525/2802] Fetching Quinos: MKG @ 2025-03-29...
[530/2802] Fetching Quinos: LA.PIAZZA @ 2025-03-30...
[531/2802] Fetching Quinos: MKG @ 2025-03-30...
[536/2802] Fetching Quinos: LA.PIAZZA @ 2025-03-31...
[537/2802] Fetching Quinos: MKG @ 2025-03-31...
[542/2802] Fetching Quinos: LA.PIAZZA @ 2025-04-01...
[543/2802] Fetching Quinos: MKG @ 2025-04-01...
[548/2802] Fetching Quinos: LA.PIAZZA @ 2025-04-02...
[549/2802] Fetching Quinos: MKG @ 2025-04-02...
[554/2802] Fetching Quinos: LA.PIAZZA @ 2025-04-03...
[555/2802] Fetching Quinos: MKG @ 2025-04-03...
[560/2802] Fetching Quinos: LA.PIAZZA @ 2025-04-04...
[561/2802] Fetching Quinos: MKG @ 2025-04-04...
[566/2802] Fetching Quinos: LA.PIAZZA @ 2025-04-05...
[567/2802] Fetching Quinos: MKG @ 2025-04-05...
[572/2802] Fetching Quinos: LA.PIAZZA @ 2025-04-06...
[573/2802] Fetching Quinos: MKG @ 2025-04-06...
[578/2802] Fetching Quinos: LA.PIAZZA @ 2025-04-07...
[579/2802] Fetching Quinos: MKG @ 2025-04-07...
[584/2802] Fetching Quinos: LA.PIAZZA @ 2025-04-08...
[585/2802] Fetching Quinos: MKG @ 2025-04-08...
[590/2802] Fetching Quinos: LA.PIAZZA @ 2025-04-09...
[591/2802] Fetching Quinos: MKG @ 2025-04-09...
[596/2802] Fetching Quinos: LA.PIAZZA @ 2025-04-10...
[597/2802] Fetching Quinos: MKG @ 2025-04-10...
[602/2802] Fetching Quinos: LA.PIAZZA @ 2025-04-11...
[603/2802] Fetching Quinos: MKG @ 2025-04-11...
[608/2802] Fetching Quinos: LA.PIAZZA @ 2025-04-12...
[609/2802] Fetching Quinos: MKG @ 2025-04-12...
[614/2802] Fetching Quinos: LA.PIAZZA @ 2025-04-13...
[615/2802] Fetching Quinos: MKG @ 2025-04-13...
[620/2802] Fetching Quinos: LA.PIAZZA @ 2025-04-14...
[621/2802] Fetching Quinos: MKG @ 2025-04-14...
[626/2802] Fetching Quinos: LA.PIAZZA @ 2025-04-15...
[627/2802] Fetching Quinos: MKG @ 2025-04-15...
[632/2802] Fetching Quinos: LA.PIAZZA @ 2025-04-16...
[633/2802] Fetching Quinos: MKG @ 2025-04-16...
[638/2802] Fetching Quinos: LA.PIAZZA @ 2025-04-17...
[639/2802] Fetching Quinos: MKG @ 2025-04-17...
[644/2802] Fetching Quinos: LA.PIAZZA @ 2025-04-18...
[645/2802] Fetching Quinos: MKG @ 2025-04-18...
[650/2802] Fetching Quinos: LA.PIAZZA @ 2025-04-19...
[651/2802] Fetching Quinos: MKG @ 2025-04-19...
[656/2802] Fetching Quinos: LA.PIAZZA @ 2025-04-20...
[657/2802] Fetching Quinos: MKG @ 2025-04-20...
[662/2802] Fetching Quinos: LA.PIAZZA @ 2025-04-21...
[663/2802] Fetching Quinos: MKG @ 2025-04-21...
[668/2802] Fetching Quinos: LA.PIAZZA @ 2025-04-22...
[669/2802] Fetching Quinos: MKG @ 2025-04-22...
[674/2802] Fetching Quinos: LA.PIAZZA @ 2025-04-23...
[675/2802] Fetching Quinos: MKG @ 2025-04-23...
[680/2802] Fetching Quinos: LA.PIAZZA @ 2025-04-24...
[681/2802] Fetching Quinos: MKG @ 2025-04-24...
[686/2802] Fetching Quinos: LA.PIAZZA @ 2025-04-25...
[687/2802] Fetching Quinos: MKG @ 2025-04-25...
[692/2802] Fetching Quinos: LA.PIAZZA @ 2025-04-26...
[693/2802] Fetching Quinos: MKG @ 2025-04-26...
[698/2802] Fetching Quinos: LA.PIAZZA @ 2025-04-27...
[699/2802] Fetching Quinos: MKG @ 2025-04-27...
[704/2802] Fetching Quinos: LA.PIAZZA @ 2025-04-28...
[705/2802] Fetching Quinos: MKG @ 2025-04-28...
[710/2802] Fetching Quinos: LA.PIAZZA @ 2025-04-29...
[711/2802] Fetching Quinos: MKG @ 2025-04-29...
[716/2802] Fetching Quinos: LA.PIAZZA @ 2025-04-30...
[717/2802] Fetching Quinos: MKG @ 2025-04-30...
[722/2802] Fetching Quinos: LA.PIAZZA @ 2025-05-01...
[723/2802] Fetching Quinos: MKG @ 2025-05-01...
[728/2802] Fetching Quinos: LA.PIAZZA @ 2025-05-02...
[729/2802] Fetching Quinos: MKG @ 2025-05-02...
[734/2802] Fetching Quinos: LA.PIAZZA @ 2025-05-03...
[735/2802] Fetching Quinos: MKG @ 2025-05-03...
[740/2802] Fetching Quinos: LA.PIAZZA @ 2025-05-04...
[741/2802] Fetching Quinos: MKG @ 2025-05-04...
[746/2802] Fetching Quinos: LA.PIAZZA @ 2025-05-05...
[747/2802] Fetching Quinos: MKG @ 2025-05-05...
[752/2802] Fetching Quinos: LA.PIAZZA @ 2025-05-06...
[753/2802] Fetching Quinos: MKG @ 2025-05-06...
[758/2802] Fetching Quinos: LA.PIAZZA @ 2025-05-07...
[759/2802] Fetching Quinos: MKG @ 2025-05-07...
[764/2802] Fetching Quinos: LA.PIAZZA @ 2025-05-08...
[765/2802] Fetching Quinos: MKG @ 2025-05-08...
[770/2802] Fetching Quinos: LA.PIAZZA @ 2025-05-09...
[771/2802] Fetching Quinos: MKG @ 2025-05-09...
[776/2802] Fetching Quinos: LA.PIAZZA @ 2025-05-10...
[777/2802] Fetching Quinos: MKG @ 2025-05-10...
[782/2802] Fetching Quinos: LA.PIAZZA @ 2025-05-11...
[783/2802] Fetching Quinos: MKG @ 2025-05-11...
[788/2802] Fetching Quinos: LA.PIAZZA @ 2025-05-12...
[789/2802] Fetching Quinos: MKG @ 2025-05-12...
[794/2802] Fetching Quinos: LA.PIAZZA @ 2025-05-13...
[795/2802] Fetching Quinos: MKG @ 2025-05-13...
[800/2802] Fetching Quinos: LA.PIAZZA @ 2025-05-14...
[801/2802] Fetching Quinos: MKG @ 2025-05-14...
[806/2802] Fetching Quinos: LA.PIAZZA @ 2025-05-15...
[807/2802] Fetching Quinos: MKG @ 2025-05-15...
[812/2802] Fetching Quinos: LA.PIAZZA @ 2025-05-16...
[813/2802] Fetching Quinos: MKG @ 2025-05-16...
[818/2802] Fetching Quinos: LA.PIAZZA @ 2025-05-17...
[819/2802] Fetching Quinos: MKG @ 2025-05-17...
[824/2802] Fetching Quinos: LA.PIAZZA @ 2025-05-18...
[825/2802] Fetching Quinos: MKG @ 2025-05-18...
[830/2802] Fetching Quinos: LA.PIAZZA @ 2025-05-19...
[831/2802] Fetching Quinos: MKG @ 2025-05-19...
[836/2802] Fetching Quinos: LA.PIAZZA @ 2025-05-20...
[837/2802] Fetching Quinos: MKG @ 2025-05-20...
[842/2802] Fetching Quinos: LA.PIAZZA @ 2025-05-21...
[843/2802] Fetching Quinos: MKG @ 2025-05-21...
[848/2802] Fetching Quinos: LA.PIAZZA @ 2025-05-22...
[849/2802] Fetching Quinos: MKG @ 2025-05-22...
[854/2802] Fetching Quinos: LA.PIAZZA @ 2025-05-23...
[855/2802] Fetching Quinos: MKG @ 2025-05-23...
[860/2802] Fetching Quinos: LA.PIAZZA @ 2025-05-24...
[861/2802] Fetching Quinos: MKG @ 2025-05-24...
[866/2802] Fetching Quinos: LA.PIAZZA @ 2025-05-25...
[867/2802] Fetching Quinos: MKG @ 2025-05-25...
[872/2802] Fetching Quinos: LA.PIAZZA @ 2025-05-26...
[873/2802] Fetching Quinos: MKG @ 2025-05-26...
[878/2802] Fetching Quinos: LA.PIAZZA @ 2025-05-27...
[879/2802] Fetching Quinos: MKG @ 2025-05-27...
[884/2802] Fetching Quinos: LA.PIAZZA @ 2025-05-28...
[885/2802] Fetching Quinos: MKG @ 2025-05-28...
[890/2802] Fetching Quinos: LA.PIAZZA @ 2025-05-29...
[891/2802] Fetching Quinos: MKG @ 2025-05-29...
[896/2802] Fetching Quinos: LA.PIAZZA @ 2025-05-30...
[897/2802] Fetching Quinos: MKG @ 2025-05-30...
[902/2802] Fetching Quinos: LA.PIAZZA @ 2025-05-31...
[903/2802] Fetching Quinos: MKG @ 2025-05-31...
[908/2802] Fetching Quinos: LA.PIAZZA @ 2025-06-01...
[909/2802] Fetching Quinos: MKG @ 2025-06-01...
[914/2802] Fetching Quinos: LA.PIAZZA @ 2025-06-02...
[915/2802] Fetching Quinos: MKG @ 2025-06-02...
[920/2802] Fetching Quinos: LA.PIAZZA @ 2025-06-03...
[921/2802] Fetching Quinos: MKG @ 2025-06-03...
[926/2802] Fetching Quinos: LA.PIAZZA @ 2025-06-04...
[927/2802] Fetching Quinos: MKG @ 2025-06-04...
[932/2802] Fetching Quinos: LA.PIAZZA @ 2025-06-05...
[933/2802] Fetching Quinos: MKG @ 2025-06-05...
[938/2802] Fetching Quinos: LA.PIAZZA @ 2025-06-06...
[939/2802] Fetching Quinos: MKG @ 2025-06-06...
[944/2802] Fetching Quinos: LA.PIAZZA @ 2025-06-07...
[945/2802] Fetching Quinos: MKG @ 2025-06-07...
[950/2802] Fetching Quinos: LA.PIAZZA @ 2025-06-08...
[951/2802] Fetching Quinos: MKG @ 2025-06-08...
[956/2802] Fetching Quinos: LA.PIAZZA @ 2025-06-09...
[957/2802] Fetching Quinos: MKG @ 2025-06-09...
[962/2802] Fetching Quinos: LA.PIAZZA @ 2025-06-10...
[963/2802] Fetching Quinos: MKG @ 2025-06-10...
[968/2802] Fetching Quinos: LA.PIAZZA @ 2025-06-11...
[969/2802] Fetching Quinos: MKG @ 2025-06-11...
[974/2802] Fetching Quinos: LA.PIAZZA @ 2025-06-12...
[975/2802] Fetching Quinos: MKG @ 2025-06-12...
[980/2802] Fetching Quinos: LA.PIAZZA @ 2025-06-13...
[981/2802] Fetching Quinos: MKG @ 2025-06-13...
[986/2802] Fetching Quinos: LA.PIAZZA @ 2025-06-14...
[987/2802] Fetching Quinos: MKG @ 2025-06-14...
[992/2802] Fetching Quinos: LA.PIAZZA @ 2025-06-15...
[993/2802] Fetching Quinos: MKG @ 2025-06-15...
[998/2802] Fetching Quinos: LA.PIAZZA @ 2025-06-16...
[999/2802] Fetching Quinos: MKG @ 2025-06-16...
[1004/2802] Fetching Quinos: LA.PIAZZA @ 2025-06-17...
[1005/2802] Fetching Quinos: MKG @ 2025-06-17...
[1010/2802] Fetching Quinos: LA.PIAZZA @ 2025-06-18...
[1011/2802] Fetching Quinos: MKG @ 2025-06-18...
[1016/2802] Fetching Quinos: LA.PIAZZA @ 2025-06-19...
[1017/2802] Fetching Quinos: MKG @ 2025-06-19...
[1022/2802] Fetching Quinos: LA.PIAZZA @ 2025-06-20...
[1023/2802] Fetching Quinos: MKG @ 2025-06-20...
[1028/2802] Fetching Quinos: LA.PIAZZA @ 2025-06-21...
[1029/2802] Fetching Quinos: MKG @ 2025-06-21...
[1034/2802] Fetching Quinos: LA.PIAZZA @ 2025-06-22...
[1035/2802] Fetching Quinos: MKG @ 2025-06-22...
[1040/2802] Fetching Quinos: LA.PIAZZA @ 2025-06-23...
[1041/2802] Fetching Quinos: MKG @ 2025-06-23...
[1046/2802] Fetching Quinos: LA.PIAZZA @ 2025-06-24...
[1047/2802] Fetching Quinos: MKG @ 2025-06-24...
[1052/2802] Fetching Quinos: LA.PIAZZA @ 2025-06-25...
[1053/2802] Fetching Quinos: MKG @ 2025-06-25...
[1058/2802] Fetching Quinos: LA.PIAZZA @ 2025-06-26...
[1059/2802] Fetching Quinos: MKG @ 2025-06-26...
[1064/2802] Fetching Quinos: LA.PIAZZA @ 2025-06-27...
[1065/2802] Fetching Quinos: MKG @ 2025-06-27...
[1070/2802] Fetching Quinos: LA.PIAZZA @ 2025-06-28...
[1071/2802] Fetching Quinos: MKG @ 2025-06-28...
[1076/2802] Fetching Quinos: LA.PIAZZA @ 2025-06-29...
[1077/2802] Fetching Quinos: MKG @ 2025-06-29...
[1082/2802] Fetching Quinos: LA.PIAZZA @ 2025-06-30...
[1083/2802] Fetching Quinos: MKG @ 2025-06-30...
[1088/2802] Fetching Quinos: LA.PIAZZA @ 2025-07-01...
[1089/2802] Fetching Quinos: MKG @ 2025-07-01...
[1094/2802] Fetching Quinos: LA.PIAZZA @ 2025-07-02...
[1095/2802] Fetching Quinos: MKG @ 2025-07-02...
[1100/2802] Fetching Quinos: LA.PIAZZA @ 2025-07-03...
[1101/2802] Fetching Quinos: MKG @ 2025-07-03...
[1106/2802] Fetching Quinos: LA.PIAZZA @ 2025-07-04...
[1107/2802] Fetching Quinos: MKG @ 2025-07-04...
[1112/2802] Fetching Quinos: LA.PIAZZA @ 2025-07-05...
[1113/2802] Fetching Quinos: MKG @ 2025-07-05...
[1118/2802] Fetching Quinos: LA.PIAZZA @ 2025-07-06...
[1119/2802] Fetching Quinos: MKG @ 2025-07-06...
[1124/2802] Fetching Quinos: LA.PIAZZA @ 2025-07-07...
[1125/2802] Fetching Quinos: MKG @ 2025-07-07...
[1130/2802] Fetching Quinos: LA.PIAZZA @ 2025-07-08...
[1131/2802] Fetching Quinos: MKG @ 2025-07-08...
[1136/2802] Fetching Quinos: LA.PIAZZA @ 2025-07-09...
[1137/2802] Fetching Quinos: MKG @ 2025-07-09...
[1142/2802] Fetching Quinos: LA.PIAZZA @ 2025-07-10...
[1143/2802] Fetching Quinos: MKG @ 2025-07-10...
[1148/2802] Fetching Quinos: LA.PIAZZA @ 2025-07-11...
[1149/2802] Fetching Quinos: MKG @ 2025-07-11...
[1154/2802] Fetching Quinos: LA.PIAZZA @ 2025-07-12...
[1155/2802] Fetching Quinos: MKG @ 2025-07-12...
[1160/2802] Fetching Quinos: LA.PIAZZA @ 2025-07-13...
[1161/2802] Fetching Quinos: MKG @ 2025-07-13...
[1166/2802] Fetching Quinos: LA.PIAZZA @ 2025-07-14...
[1167/2802] Fetching Quinos: MKG @ 2025-07-14...
[1172/2802] Fetching Quinos: LA.PIAZZA @ 2025-07-15...
[1173/2802] Fetching Quinos: MKG @ 2025-07-15...
[1178/2802] Fetching Quinos: LA.PIAZZA @ 2025-07-16...
[1179/2802] Fetching Quinos: MKG @ 2025-07-16...
[1184/2802] Fetching Quinos: LA.PIAZZA @ 2025-07-17...
[1185/2802] Fetching Quinos: MKG @ 2025-07-17...
[1190/2802] Fetching Quinos: LA.PIAZZA @ 2025-07-18...
[1191/2802] Fetching Quinos: MKG @ 2025-07-18...
[1196/2802] Fetching Quinos: LA.PIAZZA @ 2025-07-19...
[1197/2802] Fetching Quinos: MKG @ 2025-07-19...
[1202/2802] Fetching Quinos: LA.PIAZZA @ 2025-07-20...
[1203/2802] Fetching Quinos: MKG @ 2025-07-20...
[1208/2802] Fetching Quinos: LA.PIAZZA @ 2025-07-21...
[1209/2802] Fetching Quinos: MKG @ 2025-07-21...
[1214/2802] Fetching Quinos: LA.PIAZZA @ 2025-07-22...
[1215/2802] Fetching Quinos: MKG @ 2025-07-22...
[1220/2802] Fetching Quinos: LA.PIAZZA @ 2025-07-23...
[1221/2802] Fetching Quinos: MKG @ 2025-07-23...
[1226/2802] Fetching Quinos: LA.PIAZZA @ 2025-07-24...
[1227/2802] Fetching Quinos: MKG @ 2025-07-24...
[1232/2802] Fetching Quinos: LA.PIAZZA @ 2025-07-25...
[1233/2802] Fetching Quinos: MKG @ 2025-07-25...
[1238/2802] Fetching Quinos: LA.PIAZZA @ 2025-07-26...
[1239/2802] Fetching Quinos: MKG @ 2025-07-26...
[1244/2802] Fetching Quinos: LA.PIAZZA @ 2025-07-27...
[1245/2802] Fetching Quinos: MKG @ 2025-07-27...
[1250/2802] Fetching Quinos: LA.PIAZZA @ 2025-07-28...
[1251/2802] Fetching Quinos: MKG @ 2025-07-28...
[1254/2802] Fetching Quinos: SMS @ 2025-07-28...
[1256/2802] Fetching Quinos: LA.PIAZZA @ 2025-07-29...
[1257/2802] Fetching Quinos: MKG @ 2025-07-29...
[1260/2802] Fetching Quinos: SMS @ 2025-07-29...
[1262/2802] Fetching Quinos: LA.PIAZZA @ 2025-07-30...
[1263/2802] Fetching Quinos: MKG @ 2025-07-30...
[1266/2802] Fetching Quinos: SMS @ 2025-07-30...
[1268/2802] Fetching Quinos: LA.PIAZZA @ 2025-07-31...
[1269/2802] Fetching Quinos: MKG @ 2025-07-31...
[1272/2802] Fetching Quinos: SMS @ 2025-07-31...
[1274/2802] Fetching Quinos: LA.PIAZZA @ 2025-08-01...
[1275/2802] Fetching Quinos: MKG @ 2025-08-01...
[1278/2802] Fetching Quinos: SMS @ 2025-08-01...
[1280/2802] Fetching Quinos: LA.PIAZZA @ 2025-08-02...
[1281/2802] Fetching Quinos: MKG @ 2025-08-02...
[1284/2802] Fetching Quinos: SMS @ 2025-08-02...
[1286/2802] Fetching Quinos: LA.PIAZZA @ 2025-08-03...
[1287/2802] Fetching Quinos: MKG @ 2025-08-03...
[1290/2802] Fetching Quinos: SMS @ 2025-08-03...
[1292/2802] Fetching Quinos: LA.PIAZZA @ 2025-08-04...
[1293/2802] Fetching Quinos: MKG @ 2025-08-04...
[1296/2802] Fetching Quinos: SMS @ 2025-08-04...
[1298/2802] Fetching Quinos: LA.PIAZZA @ 2025-08-05...
[1299/2802] Fetching Quinos: MKG @ 2025-08-05...
[1302/2802] Fetching Quinos: SMS @ 2025-08-05...
[1304/2802] Fetching Quinos: LA.PIAZZA @ 2025-08-06...
[1305/2802] Fetching Quinos: MKG @ 2025-08-06...
[1308/2802] Fetching Quinos: SMS @ 2025-08-06...
[1310/2802] Fetching Quinos: LA.PIAZZA @ 2025-08-07...
[1311/2802] Fetching Quinos: MKG @ 2025-08-07...
[1314/2802] Fetching Quinos: SMS @ 2025-08-07...
[1316/2802] Fetching Quinos: LA.PIAZZA @ 2025-08-08...
[1317/2802] Fetching Quinos: MKG @ 2025-08-08...
[1320/2802] Fetching Quinos: SMS @ 2025-08-08...
[1322/2802] Fetching Quinos: LA.PIAZZA @ 2025-08-09...
[1323/2802] Fetching Quinos: MKG @ 2025-08-09...
[1326/2802] Fetching Quinos: SMS @ 2025-08-09...
[1328/2802] Fetching Quinos: LA.PIAZZA @ 2025-08-10...
[1329/2802] Fetching Quinos: MKG @ 2025-08-10...
[1332/2802] Fetching Quinos: SMS @ 2025-08-10...
[1334/2802] Fetching Quinos: LA.PIAZZA @ 2025-08-11...
[1335/2802] Fetching Quinos: MKG @ 2025-08-11...
[1338/2802] Fetching Quinos: SMS @ 2025-08-11...
[1340/2802] Fetching Quinos: LA.PIAZZA @ 2025-08-12...
[1341/2802] Fetching Quinos: MKG @ 2025-08-12...
[1344/2802] Fetching Quinos: SMS @ 2025-08-12...
[1346/2802] Fetching Quinos: LA.PIAZZA @ 2025-08-13...
[1347/2802] Fetching Quinos: MKG @ 2025-08-13...
[1350/2802] Fetching Quinos: SMS @ 2025-08-13...
[1352/2802] Fetching Quinos: LA.PIAZZA @ 2025-08-14...
[1353/2802] Fetching Quinos: MKG @ 2025-08-14...
[1356/2802] Fetching Quinos: SMS @ 2025-08-14...
[1358/2802] Fetching Quinos: LA.PIAZZA @ 2025-08-15...
[1359/2802] Fetching Quinos: MKG @ 2025-08-15...
[1362/2802] Fetching Quinos: SMS @ 2025-08-15...
[1364/2802] Fetching Quinos: LA.PIAZZA @ 2025-08-16...
[1365/2802] Fetching Quinos: MKG @ 2025-08-16...
[1368/2802] Fetching Quinos: SMS @ 2025-08-16...
[1370/2802] Fetching Quinos: LA.PIAZZA @ 2025-08-17...
[1371/2802] Fetching Quinos: MKG @ 2025-08-17...
[1374/2802] Fetching Quinos: SMS @ 2025-08-17...
[1376/2802] Fetching Quinos: LA.PIAZZA @ 2025-08-18...
[1377/2802] Fetching Quinos: MKG @ 2025-08-18...
[1380/2802] Fetching Quinos: SMS @ 2025-08-18...
[1382/2802] Fetching Quinos: LA.PIAZZA @ 2025-08-19...
[1383/2802] Fetching Quinos: MKG @ 2025-08-19...
[1386/2802] Fetching Quinos: SMS @ 2025-08-19...
[1388/2802] Fetching Quinos: LA.PIAZZA @ 2025-08-20...
[1389/2802] Fetching Quinos: MKG @ 2025-08-20...
[1392/2802] Fetching Quinos: SMS @ 2025-08-20...
[1394/2802] Fetching Quinos: LA.PIAZZA @ 2025-08-21...
[1395/2802] Fetching Quinos: MKG @ 2025-08-21...
[1398/2802] Fetching Quinos: SMS @ 2025-08-21...
[1400/2802] Fetching Quinos: LA.PIAZZA @ 2025-08-22...
[1401/2802] Fetching Quinos: MKG @ 2025-08-22...
[1404/2802] Fetching Quinos: SMS @ 2025-08-22...
[1406/2802] Fetching Quinos: LA.PIAZZA @ 2025-08-23...
[1407/2802] Fetching Quinos: MKG @ 2025-08-23...
[1410/2802] Fetching Quinos: SMS @ 2025-08-23...
[1412/2802] Fetching Quinos: LA.PIAZZA @ 2025-08-24...
[1413/2802] Fetching Quinos: MKG @ 2025-08-24...
[1416/2802] Fetching Quinos: SMS @ 2025-08-24...
[1418/2802] Fetching Quinos: LA.PIAZZA @ 2025-08-25...
[1419/2802] Fetching Quinos: MKG @ 2025-08-25...
[1422/2802] Fetching Quinos: SMS @ 2025-08-25...
[1424/2802] Fetching Quinos: LA.PIAZZA @ 2025-08-26...
[1425/2802] Fetching Quinos: MKG @ 2025-08-26...
[1428/2802] Fetching Quinos: SMS @ 2025-08-26...
[1430/2802] Fetching Quinos: LA.PIAZZA @ 2025-08-27...
[1431/2802] Fetching Quinos: MKG @ 2025-08-27...
[1434/2802] Fetching Quinos: SMS @ 2025-08-27...
[1436/2802] Fetching Quinos: LA.PIAZZA @ 2025-08-28...
[1437/2802] Fetching Quinos: MKG @ 2025-08-28...
[1440/2802] Fetching Quinos: SMS @ 2025-08-28...
[1442/2802] Fetching Quinos: LA.PIAZZA @ 2025-08-29...
[1443/2802] Fetching Quinos: MKG @ 2025-08-29...
[1446/2802] Fetching Quinos: SMS @ 2025-08-29...
[1448/2802] Fetching Quinos: LA.PIAZZA @ 2025-08-30...
[1449/2802] Fetching Quinos: MKG @ 2025-08-30...
[1452/2802] Fetching Quinos: SMS @ 2025-08-30...
[1454/2802] Fetching Quinos: LA.PIAZZA @ 2025-08-31...
[1455/2802] Fetching Quinos: MKG @ 2025-08-31...
[1458/2802] Fetching Quinos: SMS @ 2025-08-31...
[1460/2802] Fetching Quinos: LA.PIAZZA @ 2025-09-01...
[1461/2802] Fetching Quinos: MKG @ 2025-09-01...
[1464/2802] Fetching Quinos: SMS @ 2025-09-01...
[1466/2802] Fetching Quinos: LA.PIAZZA @ 2025-09-02...
[1467/2802] Fetching Quinos: MKG @ 2025-09-02...
[1470/2802] Fetching Quinos: SMS @ 2025-09-02...
[1472/2802] Fetching Quinos: LA.PIAZZA @ 2025-09-03...
[1473/2802] Fetching Quinos: MKG @ 2025-09-03...
[1476/2802] Fetching Quinos: SMS @ 2025-09-03...
[1478/2802] Fetching Quinos: LA.PIAZZA @ 2025-09-04...
[1479/2802] Fetching Quinos: MKG @ 2025-09-04...
[1482/2802] Fetching Quinos: SMS @ 2025-09-04...
[1484/2802] Fetching Quinos: LA.PIAZZA @ 2025-09-05...
[1485/2802] Fetching Quinos: MKG @ 2025-09-05...
[1488/2802] Fetching Quinos: SMS @ 2025-09-05...
[1490/2802] Fetching Quinos: LA.PIAZZA @ 2025-09-06...
[1491/2802] Fetching Quinos: MKG @ 2025-09-06...
[1494/2802] Fetching Quinos: SMS @ 2025-09-06...
[1496/2802] Fetching Quinos: LA.PIAZZA @ 2025-09-07...
[1497/2802] Fetching Quinos: MKG @ 2025-09-07...
[1500/2802] Fetching Quinos: SMS @ 2025-09-07...
[1502/2802] Fetching Quinos: LA.PIAZZA @ 2025-09-08...
[1503/2802] Fetching Quinos: MKG @ 2025-09-08...
[1506/2802] Fetching Quinos: SMS @ 2025-09-08...
[1508/2802] Fetching Quinos: LA.PIAZZA @ 2025-09-09...
[1509/2802] Fetching Quinos: MKG @ 2025-09-09...
[1512/2802] Fetching Quinos: SMS @ 2025-09-09...
[1514/2802] Fetching Quinos: LA.PIAZZA @ 2025-09-10...
[1515/2802] Fetching Quinos: MKG @ 2025-09-10...
[1518/2802] Fetching Quinos: SMS @ 2025-09-10...
[1520/2802] Fetching Quinos: LA.PIAZZA @ 2025-09-11...
[1521/2802] Fetching Quinos: MKG @ 2025-09-11...
[1524/2802] Fetching Quinos: SMS @ 2025-09-11...
[1526/2802] Fetching Quinos: LA.PIAZZA @ 2025-09-12...
[1527/2802] Fetching Quinos: MKG @ 2025-09-12...
[1530/2802] Fetching Quinos: SMS @ 2025-09-12...
[1532/2802] Fetching Quinos: LA.PIAZZA @ 2025-09-13...
[1533/2802] Fetching Quinos: MKG @ 2025-09-13...
[1536/2802] Fetching Quinos: SMS @ 2025-09-13...
[1538/2802] Fetching Quinos: LA.PIAZZA @ 2025-09-14...
[1539/2802] Fetching Quinos: MKG @ 2025-09-14...
[1542/2802] Fetching Quinos: SMS @ 2025-09-14...
[1544/2802] Fetching Quinos: LA.PIAZZA @ 2025-09-15...
[1545/2802] Fetching Quinos: MKG @ 2025-09-15...
[1548/2802] Fetching Quinos: SMS @ 2025-09-15...
[1550/2802] Fetching Quinos: LA.PIAZZA @ 2025-09-16...
[1551/2802] Fetching Quinos: MKG @ 2025-09-16...
[1554/2802] Fetching Quinos: SMS @ 2025-09-16...
[1556/2802] Fetching Quinos: LA.PIAZZA @ 2025-09-17...
[1557/2802] Fetching Quinos: MKG @ 2025-09-17...
[1560/2802] Fetching Quinos: SMS @ 2025-09-17...
[1562/2802] Fetching Quinos: LA.PIAZZA @ 2025-09-18...
[1563/2802] Fetching Quinos: MKG @ 2025-09-18...
[1566/2802] Fetching Quinos: SMS @ 2025-09-18...
[1568/2802] Fetching Quinos: LA.PIAZZA @ 2025-09-19...
[1569/2802] Fetching Quinos: MKG @ 2025-09-19...
[1572/2802] Fetching Quinos: SMS @ 2025-09-19...
[1574/2802] Fetching Quinos: LA.PIAZZA @ 2025-09-20...
[1575/2802] Fetching Quinos: MKG @ 2025-09-20...
[1578/2802] Fetching Quinos: SMS @ 2025-09-20...
[1580/2802] Fetching Quinos: LA.PIAZZA @ 2025-09-21...
[1581/2802] Fetching Quinos: MKG @ 2025-09-21...
[1584/2802] Fetching Quinos: SMS @ 2025-09-21...
[1586/2802] Fetching Quinos: LA.PIAZZA @ 2025-09-22...
[1587/2802] Fetching Quinos: MKG @ 2025-09-22...
[1590/2802] Fetching Quinos: SMS @ 2025-09-22...
[1592/2802] Fetching Quinos: LA.PIAZZA @ 2025-09-23...
[1593/2802] Fetching Quinos: MKG @ 2025-09-23...
[1596/2802] Fetching Quinos: SMS @ 2025-09-23...
[1598/2802] Fetching Quinos: LA.PIAZZA @ 2025-09-24...
[1599/2802] Fetching Quinos: MKG @ 2025-09-24...
[1602/2802] Fetching Quinos: SMS @ 2025-09-24...
[1604/2802] Fetching Quinos: LA.PIAZZA @ 2025-09-25...
[1605/2802] Fetching Quinos: MKG @ 2025-09-25...
[1608/2802] Fetching Quinos: SMS @ 2025-09-25...
[1610/2802] Fetching Quinos: LA.PIAZZA @ 2025-09-26...
[1611/2802] Fetching Quinos: MKG @ 2025-09-26...
Error MKG 2025-09-26: 
[1614/2802] Fetching Quinos: SMS @ 2025-09-26...
[1616/2802] Fetching Quinos: LA.PIAZZA @ 2025-09-27...
[1617/2802] Fetching Quinos: MKG @ 2025-09-27...
[1620/2802] Fetching Quinos: SMS @ 2025-09-27...
[1622/2802] Fetching Quinos: LA.PIAZZA @ 2025-09-28...
[1623/2802] Fetching Quinos: MKG @ 2025-09-28...
[1626/2802] Fetching Quinos: SMS @ 2025-09-28...
[1628/2802] Fetching Quinos: LA.PIAZZA @ 2025-09-29...
[1629/2802] Fetching Quinos: MKG @ 2025-09-29...
[1632/2802] Fetching Quinos: SMS @ 2025-09-29...
[1634/2802] Fetching Quinos: LA.PIAZZA @ 2025-09-30...
[1635/2802] Fetching Quinos: MKG @ 2025-09-30...
[1638/2802] Fetching Quinos: SMS @ 2025-09-30...
[1640/2802] Fetching Quinos: LA.PIAZZA @ 2025-10-01...
[1641/2802] Fetching Quinos: MKG @ 2025-10-01...
[1644/2802] Fetching Quinos: SMS @ 2025-10-01...
[1646/2802] Fetching Quinos: LA.PIAZZA @ 2025-10-02...
[1647/2802] Fetching Quinos: MKG @ 2025-10-02...
[1650/2802] Fetching Quinos: SMS @ 2025-10-02...
[1652/2802] Fetching Quinos: LA.PIAZZA @ 2025-10-03...
[1653/2802] Fetching Quinos: MKG @ 2025-10-03...
[1656/2802] Fetching Quinos: SMS @ 2025-10-03...
[1658/2802] Fetching Quinos: LA.PIAZZA @ 2025-10-04...
[1659/2802] Fetching Quinos: MKG @ 2025-10-04...
[1662/2802] Fetching Quinos: SMS @ 2025-10-04...
[1664/2802] Fetching Quinos: LA.PIAZZA @ 2025-10-05...
[1665/2802] Fetching Quinos: MKG @ 2025-10-05...
[1668/2802] Fetching Quinos: SMS @ 2025-10-05...
[1670/2802] Fetching Quinos: LA.PIAZZA @ 2025-10-06...
[1671/2802] Fetching Quinos: MKG @ 2025-10-06...
[1674/2802] Fetching Quinos: SMS @ 2025-10-06...
[1676/2802] Fetching Quinos: LA.PIAZZA @ 2025-10-07...
[1677/2802] Fetching Quinos: MKG @ 2025-10-07...
[1680/2802] Fetching Quinos: SMS @ 2025-10-07...
[1682/2802] Fetching Quinos: LA.PIAZZA @ 2025-10-08...
[1683/2802] Fetching Quinos: MKG @ 2025-10-08...
[1686/2802] Fetching Quinos: SMS @ 2025-10-08...
[1688/2802] Fetching Quinos: LA.PIAZZA @ 2025-10-09...
[1689/2802] Fetching Quinos: MKG @ 2025-10-09...
[1692/2802] Fetching Quinos: SMS @ 2025-10-09...
[1694/2802] Fetching Quinos: LA.PIAZZA @ 2025-10-10...
[1695/2802] Fetching Quinos: MKG @ 2025-10-10...
[1698/2802] Fetching Quinos: SMS @ 2025-10-10...
[1700/2802] Fetching Quinos: LA.PIAZZA @ 2025-10-11...
[1701/2802] Fetching Quinos: MKG @ 2025-10-11...
[1704/2802] Fetching Quinos: SMS @ 2025-10-11...
[1706/2802] Fetching Quinos: LA.PIAZZA @ 2025-10-12...
[1707/2802] Fetching Quinos: MKG @ 2025-10-12...
[1710/2802] Fetching Quinos: SMS @ 2025-10-12...
[1712/2802] Fetching Quinos: LA.PIAZZA @ 2025-10-13...
[1713/2802] Fetching Quinos: MKG @ 2025-10-13...
[1716/2802] Fetching Quinos: SMS @ 2025-10-13...
[1718/2802] Fetching Quinos: LA.PIAZZA @ 2025-10-14...
[1719/2802] Fetching Quinos: MKG @ 2025-10-14...
[1722/2802] Fetching Quinos: SMS @ 2025-10-14...
[1724/2802] Fetching Quinos: LA.PIAZZA @ 2025-10-15...
[1725/2802] Fetching Quinos: MKG @ 2025-10-15...
[1728/2802] Fetching Quinos: SMS @ 2025-10-15...
[1730/2802] Fetching Quinos: LA.PIAZZA @ 2025-10-16...
[1731/2802] Fetching Quinos: MKG @ 2025-10-16...
[1734/2802] Fetching Quinos: SMS @ 2025-10-16...
[1736/2802] Fetching Quinos: LA.PIAZZA @ 2025-10-17...
[1737/2802] Fetching Quinos: MKG @ 2025-10-17...
[1740/2802] Fetching Quinos: SMS @ 2025-10-17...
[1743/2802] Fetching Quinos: MKG @ 2025-10-18...
[1746/2802] Fetching Quinos: SMS @ 2025-10-18...
[1748/2802] Fetching Quinos: LA.PIAZZA @ 2025-10-19...
[1749/2802] Fetching Quinos: MKG @ 2025-10-19...
[1752/2802] Fetching Quinos: SMS @ 2025-10-19...
[1754/2802] Fetching Quinos: LA.PIAZZA @ 2025-10-20...
[1755/2802] Fetching Quinos: MKG @ 2025-10-20...
[1758/2802] Fetching Quinos: SMS @ 2025-10-20...
[1760/2802] Fetching Quinos: LA.PIAZZA @ 2025-10-21...
[1761/2802] Fetching Quinos: MKG @ 2025-10-21...
[1764/2802] Fetching Quinos: SMS @ 2025-10-21...
[1766/2802] Fetching Quinos: LA.PIAZZA @ 2025-10-22...
[1767/2802] Fetching Quinos: MKG @ 2025-10-22...
[1770/2802] Fetching Quinos: SMS @ 2025-10-22...
[1772/2802] Fetching Quinos: LA.PIAZZA @ 2025-10-23...
[1773/2802] Fetching Quinos: MKG @ 2025-10-23...
[1776/2802] Fetching Quinos: SMS @ 2025-10-23...
[1778/2802] Fetching Quinos: LA.PIAZZA @ 2025-10-24...
[1779/2802] Fetching Quinos: MKG @ 2025-10-24...
[1782/2802] Fetching Quinos: SMS @ 2025-10-24...
[1784/2802] Fetching Quinos: LA.PIAZZA @ 2025-10-25...
[1785/2802] Fetching Quinos: MKG @ 2025-10-25...
[1788/2802] Fetching Quinos: SMS @ 2025-10-25...
[1790/2802] Fetching Quinos: LA.PIAZZA @ 2025-10-26...
[1791/2802] Fetching Quinos: MKG @ 2025-10-26...
[1794/2802] Fetching Quinos: SMS @ 2025-10-26...
[1796/2802] Fetching Quinos: LA.PIAZZA @ 2025-10-27...
[1797/2802] Fetching Quinos: MKG @ 2025-10-27...
[1800/2802] Fetching Quinos: SMS @ 2025-10-27...
[1802/2802] Fetching Quinos: LA.PIAZZA @ 2025-10-28...
[1803/2802] Fetching Quinos: MKG @ 2025-10-28...
[1806/2802] Fetching Quinos: SMS @ 2025-10-28...
[1808/2802] Fetching Quinos: LA.PIAZZA @ 2025-10-29...
[1809/2802] Fetching Quinos: MKG @ 2025-10-29...
[1812/2802] Fetching Quinos: SMS @ 2025-10-29...
[1814/2802] Fetching Quinos: LA.PIAZZA @ 2025-10-30...
[1815/2802] Fetching Quinos: MKG @ 2025-10-30...
[1818/2802] Fetching Quinos: SMS @ 2025-10-30...
[1820/2802] Fetching Quinos: LA.PIAZZA @ 2025-10-31...
[1821/2802] Fetching Quinos: MKG @ 2025-10-31...
[1824/2802] Fetching Quinos: SMS @ 2025-10-31...
[1826/2802] Fetching Quinos: LA.PIAZZA @ 2025-11-01...
[1827/2802] Fetching Quinos: MKG @ 2025-11-01...
Error MKG 2025-11-01: 
[1830/2802] Fetching Quinos: SMS @ 2025-11-01...
Error SMS 2025-11-01: Gagal inisialisasi session: 
[1832/2802] Fetching Quinos: LA.PIAZZA @ 2025-11-02...
[1833/2802] Fetching Quinos: MKG @ 2025-11-02...
[1836/2802] Fetching Quinos: SMS @ 2025-11-02...
[1838/2802] Fetching Quinos: LA.PIAZZA @ 2025-11-03...
[1839/2802] Fetching Quinos: MKG @ 2025-11-03...
[1842/2802] Fetching Quinos: SMS @ 2025-11-03...
[1844/2802] Fetching Quinos: LA.PIAZZA @ 2025-11-04...
[1845/2802] Fetching Quinos: MKG @ 2025-11-04...
[1848/2802] Fetching Quinos: SMS @ 2025-11-04...
[1850/2802] Fetching Quinos: LA.PIAZZA @ 2025-11-05...
[1851/2802] Fetching Quinos: MKG @ 2025-11-05...
[1854/2802] Fetching Quinos: SMS @ 2025-11-05...
[1856/2802] Fetching Quinos: LA.PIAZZA @ 2025-11-06...
[1857/2802] Fetching Quinos: MKG @ 2025-11-06...
[1860/2802] Fetching Quinos: SMS @ 2025-11-06...
[1862/2802] Fetching Quinos: LA.PIAZZA @ 2025-11-07...
[1863/2802] Fetching Quinos: MKG @ 2025-11-07...
[1866/2802] Fetching Quinos: SMS @ 2025-11-07...
[1868/2802] Fetching Quinos: LA.PIAZZA @ 2025-11-08...
[1869/2802] Fetching Quinos: MKG @ 2025-11-08...
[1872/2802] Fetching Quinos: SMS @ 2025-11-08...
[1874/2802] Fetching Quinos: LA.PIAZZA @ 2025-11-09...
[1875/2802] Fetching Quinos: MKG @ 2025-11-09...
[1878/2802] Fetching Quinos: SMS @ 2025-11-09...
[1880/2802] Fetching Quinos: LA.PIAZZA @ 2025-11-10...
[1881/2802] Fetching Quinos: MKG @ 2025-11-10...
[1884/2802] Fetching Quinos: SMS @ 2025-11-10...
[1886/2802] Fetching Quinos: LA.PIAZZA @ 2025-11-11...
[1887/2802] Fetching Quinos: MKG @ 2025-11-11...
[1890/2802] Fetching Quinos: SMS @ 2025-11-11...
[1892/2802] Fetching Quinos: LA.PIAZZA @ 2025-11-12...
[1893/2802] Fetching Quinos: MKG @ 2025-11-12...
[1896/2802] Fetching Quinos: SMS @ 2025-11-12...
[1898/2802] Fetching Quinos: LA.PIAZZA @ 2025-11-13...
[1899/2802] Fetching Quinos: MKG @ 2025-11-13...
[1902/2802] Fetching Quinos: SMS @ 2025-11-13...
[1904/2802] Fetching Quinos: LA.PIAZZA @ 2025-11-14...
[1905/2802] Fetching Quinos: MKG @ 2025-11-14...
[1908/2802] Fetching Quinos: SMS @ 2025-11-14...
[1910/2802] Fetching Quinos: LA.PIAZZA @ 2025-11-15...
[1911/2802] Fetching Quinos: MKG @ 2025-11-15...
[1914/2802] Fetching Quinos: SMS @ 2025-11-15...
[1917/2802] Fetching Quinos: MKG @ 2025-11-16...
[1920/2802] Fetching Quinos: SMS @ 2025-11-16...
[1922/2802] Fetching Quinos: LA.PIAZZA @ 2025-11-17...
[1923/2802] Fetching Quinos: MKG @ 2025-11-17...
[1926/2802] Fetching Quinos: SMS @ 2025-11-17...
[1928/2802] Fetching Quinos: LA.PIAZZA @ 2025-11-18...
[1929/2802] Fetching Quinos: MKG @ 2025-11-18...
[1932/2802] Fetching Quinos: SMS @ 2025-11-18...
[1934/2802] Fetching Quinos: LA.PIAZZA @ 2025-11-19...
[1935/2802] Fetching Quinos: MKG @ 2025-11-19...
[1938/2802] Fetching Quinos: SMS @ 2025-11-19...
[1940/2802] Fetching Quinos: LA.PIAZZA @ 2025-11-20...
[1941/2802] Fetching Quinos: MKG @ 2025-11-20...
[1944/2802] Fetching Quinos: SMS @ 2025-11-20...
[1946/2802] Fetching Quinos: LA.PIAZZA @ 2025-11-21...
[1947/2802] Fetching Quinos: MKG @ 2025-11-21...
[1950/2802] Fetching Quinos: SMS @ 2025-11-21...
[1952/2802] Fetching Quinos: LA.PIAZZA @ 2025-11-22...
[1953/2802] Fetching Quinos: MKG @ 2025-11-22...
[1956/2802] Fetching Quinos: SMS @ 2025-11-22...
[1958/2802] Fetching Quinos: LA.PIAZZA @ 2025-11-23...
[1959/2802] Fetching Quinos: MKG @ 2025-11-23...
[1962/2802] Fetching Quinos: SMS @ 2025-11-23...
[1964/2802] Fetching Quinos: LA.PIAZZA @ 2025-11-24...
[1965/2802] Fetching Quinos: MKG @ 2025-11-24...
[1968/2802] Fetching Quinos: SMS @ 2025-11-24...
[1970/2802] Fetching Quinos: LA.PIAZZA @ 2025-11-25...
[1971/2802] Fetching Quinos: MKG @ 2025-11-25...
[1974/2802] Fetching Quinos: SMS @ 2025-11-25...
[1976/2802] Fetching Quinos: LA.PIAZZA @ 2025-11-26...
[1977/2802] Fetching Quinos: MKG @ 2025-11-26...
[1980/2802] Fetching Quinos: SMS @ 2025-11-26...
[1982/2802] Fetching Quinos: LA.PIAZZA @ 2025-11-27...
[1983/2802] Fetching Quinos: MKG @ 2025-11-27...
[1986/2802] Fetching Quinos: SMS @ 2025-11-27...
[1988/2802] Fetching Quinos: LA.PIAZZA @ 2025-11-28...
[1989/2802] Fetching Quinos: MKG @ 2025-11-28...
[1992/2802] Fetching Quinos: SMS @ 2025-11-28...
[1994/2802] Fetching Quinos: LA.PIAZZA @ 2025-11-29...
[1995/2802] Fetching Quinos: MKG @ 2025-11-29...
[1998/2802] Fetching Quinos: SMS @ 2025-11-29...
[2000/2802] Fetching Quinos: LA.PIAZZA @ 2025-11-30...
[2001/2802] Fetching Quinos: MKG @ 2025-11-30...
[2004/2802] Fetching Quinos: SMS @ 2025-11-30...
[2006/2802] Fetching Quinos: LA.PIAZZA @ 2025-12-01...
[2007/2802] Fetching Quinos: MKG @ 2025-12-01...
[2010/2802] Fetching Quinos: SMS @ 2025-12-01...
[2012/2802] Fetching Quinos: LA.PIAZZA @ 2025-12-02...
[2013/2802] Fetching Quinos: MKG @ 2025-12-02...
[2016/2802] Fetching Quinos: SMS @ 2025-12-02...
[2018/2802] Fetching Quinos: LA.PIAZZA @ 2025-12-03...
[2019/2802] Fetching Quinos: MKG @ 2025-12-03...
[2022/2802] Fetching Quinos: SMS @ 2025-12-03...
[2024/2802] Fetching Quinos: LA.PIAZZA @ 2025-12-04...
[2025/2802] Fetching Quinos: MKG @ 2025-12-04...
[2028/2802] Fetching Quinos: SMS @ 2025-12-04...
[2030/2802] Fetching Quinos: LA.PIAZZA @ 2025-12-05...
[2031/2802] Fetching Quinos: MKG @ 2025-12-05...
[2034/2802] Fetching Quinos: SMS @ 2025-12-05...
[2036/2802] Fetching Quinos: LA.PIAZZA @ 2025-12-06...
[2037/2802] Fetching Quinos: MKG @ 2025-12-06...
[2040/2802] Fetching Quinos: SMS @ 2025-12-06...
[2042/2802] Fetching Quinos: LA.PIAZZA @ 2025-12-07...
[2043/2802] Fetching Quinos: MKG @ 2025-12-07...
[2046/2802] Fetching Quinos: SMS @ 2025-12-07...
[2048/2802] Fetching Quinos: LA.PIAZZA @ 2025-12-08...
[2049/2802] Fetching Quinos: MKG @ 2025-12-08...
[2052/2802] Fetching Quinos: SMS @ 2025-12-08...
[2054/2802] Fetching Quinos: LA.PIAZZA @ 2025-12-09...
[2055/2802] Fetching Quinos: MKG @ 2025-12-09...
[2058/2802] Fetching Quinos: SMS @ 2025-12-09...
[2060/2802] Fetching Quinos: LA.PIAZZA @ 2025-12-10...
[2061/2802] Fetching Quinos: MKG @ 2025-12-10...
[2064/2802] Fetching Quinos: SMS @ 2025-12-10...
[2066/2802] Fetching Quinos: LA.PIAZZA @ 2025-12-11...
[2067/2802] Fetching Quinos: MKG @ 2025-12-11...
[2070/2802] Fetching Quinos: SMS @ 2025-12-11...
[2071/2802] Fetching Quinos: BSD @ 2025-12-12...
[2072/2802] Fetching Quinos: LA.PIAZZA @ 2025-12-12...
[2073/2802] Fetching Quinos: MKG @ 2025-12-12...
[2076/2802] Fetching Quinos: SMS @ 2025-12-12...
[2077/2802] Fetching Quinos: BSD @ 2025-12-13...
[2078/2802] Fetching Quinos: LA.PIAZZA @ 2025-12-13...
[2079/2802] Fetching Quinos: MKG @ 2025-12-13...
[2082/2802] Fetching Quinos: SMS @ 2025-12-13...
[2083/2802] Fetching Quinos: BSD @ 2025-12-14...
[2084/2802] Fetching Quinos: LA.PIAZZA @ 2025-12-14...
[2085/2802] Fetching Quinos: MKG @ 2025-12-14...
[2088/2802] Fetching Quinos: SMS @ 2025-12-14...
[2089/2802] Fetching Quinos: BSD @ 2025-12-15...
[2090/2802] Fetching Quinos: LA.PIAZZA @ 2025-12-15...
[2091/2802] Fetching Quinos: MKG @ 2025-12-15...
[2094/2802] Fetching Quinos: SMS @ 2025-12-15...
[2095/2802] Fetching Quinos: BSD @ 2025-12-16...
[2096/2802] Fetching Quinos: LA.PIAZZA @ 2025-12-16...
[2097/2802] Fetching Quinos: MKG @ 2025-12-16...
[2100/2802] Fetching Quinos: SMS @ 2025-12-16...
[2101/2802] Fetching Quinos: BSD @ 2025-12-17...
[2102/2802] Fetching Quinos: LA.PIAZZA @ 2025-12-17...
[2103/2802] Fetching Quinos: MKG @ 2025-12-17...
[2106/2802] Fetching Quinos: SMS @ 2025-12-17...
[2107/2802] Fetching Quinos: BSD @ 2025-12-18...
[2108/2802] Fetching Quinos: LA.PIAZZA @ 2025-12-18...
[2109/2802] Fetching Quinos: MKG @ 2025-12-18...
[2112/2802] Fetching Quinos: SMS @ 2025-12-18...
[2113/2802] Fetching Quinos: BSD @ 2025-12-19...
[2114/2802] Fetching Quinos: LA.PIAZZA @ 2025-12-19...
[2115/2802] Fetching Quinos: MKG @ 2025-12-19...
[2118/2802] Fetching Quinos: SMS @ 2025-12-19...
[2119/2802] Fetching Quinos: BSD @ 2025-12-20...
[2120/2802] Fetching Quinos: LA.PIAZZA @ 2025-12-20...
[2121/2802] Fetching Quinos: MKG @ 2025-12-20...
[2124/2802] Fetching Quinos: SMS @ 2025-12-20...
[2125/2802] Fetching Quinos: BSD @ 2025-12-21...
[2126/2802] Fetching Quinos: LA.PIAZZA @ 2025-12-21...
[2127/2802] Fetching Quinos: MKG @ 2025-12-21...
[2130/2802] Fetching Quinos: SMS @ 2025-12-21...
[2131/2802] Fetching Quinos: BSD @ 2025-12-22...
[2132/2802] Fetching Quinos: LA.PIAZZA @ 2025-12-22...
[2133/2802] Fetching Quinos: MKG @ 2025-12-22...
[2136/2802] Fetching Quinos: SMS @ 2025-12-22...
[2137/2802] Fetching Quinos: BSD @ 2025-12-23...
[2138/2802] Fetching Quinos: LA.PIAZZA @ 2025-12-23...
[2139/2802] Fetching Quinos: MKG @ 2025-12-23...
[2142/2802] Fetching Quinos: SMS @ 2025-12-23...
[2143/2802] Fetching Quinos: BSD @ 2025-12-24...
[2144/2802] Fetching Quinos: LA.PIAZZA @ 2025-12-24...
[2145/2802] Fetching Quinos: MKG @ 2025-12-24...
[2148/2802] Fetching Quinos: SMS @ 2025-12-24...
[2149/2802] Fetching Quinos: BSD @ 2025-12-25...
[2150/2802] Fetching Quinos: LA.PIAZZA @ 2025-12-25...
[2151/2802] Fetching Quinos: MKG @ 2025-12-25...
[2154/2802] Fetching Quinos: SMS @ 2025-12-25...
[2155/2802] Fetching Quinos: BSD @ 2025-12-26...
[2156/2802] Fetching Quinos: LA.PIAZZA @ 2025-12-26...
[2157/2802] Fetching Quinos: MKG @ 2025-12-26...
[2160/2802] Fetching Quinos: SMS @ 2025-12-26...
[2161/2802] Fetching Quinos: BSD @ 2025-12-27...
[2162/2802] Fetching Quinos: LA.PIAZZA @ 2025-12-27...
[2163/2802] Fetching Quinos: MKG @ 2025-12-27...
[2166/2802] Fetching Quinos: SMS @ 2025-12-27...
[2167/2802] Fetching Quinos: BSD @ 2025-12-28...
[2168/2802] Fetching Quinos: LA.PIAZZA @ 2025-12-28...
[2169/2802] Fetching Quinos: MKG @ 2025-12-28...
[2172/2802] Fetching Quinos: SMS @ 2025-12-28...
[2173/2802] Fetching Quinos: BSD @ 2025-12-29...
[2174/2802] Fetching Quinos: LA.PIAZZA @ 2025-12-29...
[2175/2802] Fetching Quinos: MKG @ 2025-12-29...
[2178/2802] Fetching Quinos: SMS @ 2025-12-29...
[2179/2802] Fetching Quinos: BSD @ 2025-12-30...
[2180/2802] Fetching Quinos: LA.PIAZZA @ 2025-12-30...
[2181/2802] Fetching Quinos: MKG @ 2025-12-30...
[2184/2802] Fetching Quinos: SMS @ 2025-12-30...
[2185/2802] Fetching Quinos: BSD @ 2025-12-31...
[2186/2802] Fetching Quinos: LA.PIAZZA @ 2025-12-31...
[2187/2802] Fetching Quinos: MKG @ 2025-12-31...
[2190/2802] Fetching Quinos: SMS @ 2025-12-31...
[2191/2802] Fetching Quinos: BSD @ 2026-01-01...
[2192/2802] Fetching Quinos: LA.PIAZZA @ 2026-01-01...
[2193/2802] Fetching Quinos: MKG @ 2026-01-01...
[2196/2802] Fetching Quinos: SMS @ 2026-01-01...
[2197/2802] Fetching Quinos: BSD @ 2026-01-02...
[2198/2802] Fetching Quinos: LA.PIAZZA @ 2026-01-02...
[2199/2802] Fetching Quinos: MKG @ 2026-01-02...
[2202/2802] Fetching Quinos: SMS @ 2026-01-02...
[2203/2802] Fetching Quinos: BSD @ 2026-01-03...
[2204/2802] Fetching Quinos: LA.PIAZZA @ 2026-01-03...
[2205/2802] Fetching Quinos: MKG @ 2026-01-03...
[2208/2802] Fetching Quinos: SMS @ 2026-01-03...
[2209/2802] Fetching Quinos: BSD @ 2026-01-04...
[2210/2802] Fetching Quinos: LA.PIAZZA @ 2026-01-04...
[2211/2802] Fetching Quinos: MKG @ 2026-01-04...
[2214/2802] Fetching Quinos: SMS @ 2026-01-04...
[2215/2802] Fetching Quinos: BSD @ 2026-01-05...
Error BSD 2026-01-05: 
[2216/2802] Fetching Quinos: LA.PIAZZA @ 2026-01-05...
[2217/2802] Fetching Quinos: MKG @ 2026-01-05...
[2220/2802] Fetching Quinos: SMS @ 2026-01-05...
[2221/2802] Fetching Quinos: BSD @ 2026-01-06...
[2222/2802] Fetching Quinos: LA.PIAZZA @ 2026-01-06...
[2223/2802] Fetching Quinos: MKG @ 2026-01-06...
[2226/2802] Fetching Quinos: SMS @ 2026-01-06...
[2227/2802] Fetching Quinos: BSD @ 2026-01-07...
[2229/2802] Fetching Quinos: MKG @ 2026-01-07...
[2232/2802] Fetching Quinos: SMS @ 2026-01-07...
[2233/2802] Fetching Quinos: BSD @ 2026-01-08...
[2235/2802] Fetching Quinos: MKG @ 2026-01-08...
[2238/2802] Fetching Quinos: SMS @ 2026-01-08...
[2239/2802] Fetching Quinos: BSD @ 2026-01-09...
[2240/2802] Fetching Quinos: LA.PIAZZA @ 2026-01-09...
[2241/2802] Fetching Quinos: MKG @ 2026-01-09...
[2244/2802] Fetching Quinos: SMS @ 2026-01-09...
[2245/2802] Fetching Quinos: BSD @ 2026-01-10...
[2247/2802] Fetching Quinos: MKG @ 2026-01-10...
[2250/2802] Fetching Quinos: SMS @ 2026-01-10...
[2251/2802] Fetching Quinos: BSD @ 2026-01-11...
[2252/2802] Fetching Quinos: LA.PIAZZA @ 2026-01-11...
[2253/2802] Fetching Quinos: MKG @ 2026-01-11...
[2256/2802] Fetching Quinos: SMS @ 2026-01-11...
[2257/2802] Fetching Quinos: BSD @ 2026-01-12...
[2258/2802] Fetching Quinos: LA.PIAZZA @ 2026-01-12...
[2259/2802] Fetching Quinos: MKG @ 2026-01-12...
[2262/2802] Fetching Quinos: SMS @ 2026-01-12...
[2263/2802] Fetching Quinos: BSD @ 2026-01-13...
[2264/2802] Fetching Quinos: LA.PIAZZA @ 2026-01-13...
[2265/2802] Fetching Quinos: MKG @ 2026-01-13...
[2268/2802] Fetching Quinos: SMS @ 2026-01-13...
[2269/2802] Fetching Quinos: BSD @ 2026-01-14...
[2270/2802] Fetching Quinos: LA.PIAZZA @ 2026-01-14...
[2271/2802] Fetching Quinos: MKG @ 2026-01-14...
[2274/2802] Fetching Quinos: SMS @ 2026-01-14...
[2275/2802] Fetching Quinos: BSD @ 2026-01-15...
[2276/2802] Fetching Quinos: LA.PIAZZA @ 2026-01-15...
[2277/2802] Fetching Quinos: MKG @ 2026-01-15...
[2280/2802] Fetching Quinos: SMS @ 2026-01-15...
[2281/2802] Fetching Quinos: BSD @ 2026-01-16...
[2282/2802] Fetching Quinos: LA.PIAZZA @ 2026-01-16...
[2283/2802] Fetching Quinos: MKG @ 2026-01-16...
[2286/2802] Fetching Quinos: SMS @ 2026-01-16...
[2287/2802] Fetching Quinos: BSD @ 2026-01-17...
[2288/2802] Fetching Quinos: LA.PIAZZA @ 2026-01-17...
[2289/2802] Fetching Quinos: MKG @ 2026-01-17...
[2292/2802] Fetching Quinos: SMS @ 2026-01-17...
[2293/2802] Fetching Quinos: BSD @ 2026-01-18...
[2294/2802] Fetching Quinos: LA.PIAZZA @ 2026-01-18...
[2295/2802] Fetching Quinos: MKG @ 2026-01-18...
[2298/2802] Fetching Quinos: SMS @ 2026-01-18...
[2299/2802] Fetching Quinos: BSD @ 2026-01-19...
[2300/2802] Fetching Quinos: LA.PIAZZA @ 2026-01-19...
[2301/2802] Fetching Quinos: MKG @ 2026-01-19...
[2304/2802] Fetching Quinos: SMS @ 2026-01-19...
[2305/2802] Fetching Quinos: BSD @ 2026-01-20...
[2306/2802] Fetching Quinos: LA.PIAZZA @ 2026-01-20...
[2307/2802] Fetching Quinos: MKG @ 2026-01-20...
[2310/2802] Fetching Quinos: SMS @ 2026-01-20...
[2311/2802] Fetching Quinos: BSD @ 2026-01-21...
[2312/2802] Fetching Quinos: LA.PIAZZA @ 2026-01-21...
[2313/2802] Fetching Quinos: MKG @ 2026-01-21...
[2316/2802] Fetching Quinos: SMS @ 2026-01-21...
[2317/2802] Fetching Quinos: BSD @ 2026-01-22...
[2318/2802] Fetching Quinos: LA.PIAZZA @ 2026-01-22...
[2319/2802] Fetching Quinos: MKG @ 2026-01-22...
[2322/2802] Fetching Quinos: SMS @ 2026-01-22...
[2323/2802] Fetching Quinos: BSD @ 2026-01-23...
[2324/2802] Fetching Quinos: LA.PIAZZA @ 2026-01-23...
[2325/2802] Fetching Quinos: MKG @ 2026-01-23...
[2328/2802] Fetching Quinos: SMS @ 2026-01-23...
[2329/2802] Fetching Quinos: BSD @ 2026-01-24...
[2330/2802] Fetching Quinos: LA.PIAZZA @ 2026-01-24...
[2331/2802] Fetching Quinos: MKG @ 2026-01-24...
[2334/2802] Fetching Quinos: SMS @ 2026-01-24...
[2335/2802] Fetching Quinos: BSD @ 2026-01-25...
[2337/2802] Fetching Quinos: MKG @ 2026-01-25...
[2340/2802] Fetching Quinos: SMS @ 2026-01-25...
[2341/2802] Fetching Quinos: BSD @ 2026-01-26...
[2342/2802] Fetching Quinos: LA.PIAZZA @ 2026-01-26...
[2343/2802] Fetching Quinos: MKG @ 2026-01-26...
[2346/2802] Fetching Quinos: SMS @ 2026-01-26...
[2347/2802] Fetching Quinos: BSD @ 2026-01-27...
[2348/2802] Fetching Quinos: LA.PIAZZA @ 2026-01-27...
[2349/2802] Fetching Quinos: MKG @ 2026-01-27...
[2352/2802] Fetching Quinos: SMS @ 2026-01-27...
[2353/2802] Fetching Quinos: BSD @ 2026-01-28...
[2354/2802] Fetching Quinos: LA.PIAZZA @ 2026-01-28...
[2355/2802] Fetching Quinos: MKG @ 2026-01-28...
[2358/2802] Fetching Quinos: SMS @ 2026-01-28...
[2359/2802] Fetching Quinos: BSD @ 2026-01-29...
[2360/2802] Fetching Quinos: LA.PIAZZA @ 2026-01-29...
[2361/2802] Fetching Quinos: MKG @ 2026-01-29...
[2364/2802] Fetching Quinos: SMS @ 2026-01-29...
[2365/2802] Fetching Quinos: BSD @ 2026-01-30...
[2366/2802] Fetching Quinos: LA.PIAZZA @ 2026-01-30...
[2367/2802] Fetching Quinos: MKG @ 2026-01-30...
[2370/2802] Fetching Quinos: SMS @ 2026-01-30...
[2371/2802] Fetching Quinos: BSD @ 2026-01-31...
[2372/2802] Fetching Quinos: LA.PIAZZA @ 2026-01-31...
[2373/2802] Fetching Quinos: MKG @ 2026-01-31...
[2376/2802] Fetching Quinos: SMS @ 2026-01-31...
[2377/2802] Fetching Quinos: BSD @ 2026-02-01...
[2378/2802] Fetching Quinos: LA.PIAZZA @ 2026-02-01...
[2379/2802] Fetching Quinos: MKG @ 2026-02-01...
[2382/2802] Fetching Quinos: SMS @ 2026-02-01...
[2383/2802] Fetching Quinos: BSD @ 2026-02-02...
[2384/2802] Fetching Quinos: LA.PIAZZA @ 2026-02-02...
[2385/2802] Fetching Quinos: MKG @ 2026-02-02...
[2388/2802] Fetching Quinos: SMS @ 2026-02-02...
[2389/2802] Fetching Quinos: BSD @ 2026-02-03...
[2390/2802] Fetching Quinos: LA.PIAZZA @ 2026-02-03...
[2391/2802] Fetching Quinos: MKG @ 2026-02-03...
[2394/2802] Fetching Quinos: SMS @ 2026-02-03...
[2395/2802] Fetching Quinos: BSD @ 2026-02-04...
[2396/2802] Fetching Quinos: LA.PIAZZA @ 2026-02-04...
[2397/2802] Fetching Quinos: MKG @ 2026-02-04...
[2398/2802] Fetching Quinos: SMB @ 2026-02-04...
[2399/2802] Fetching Quinos: SMB GOLD LOUNGE @ 2026-02-04...
[2400/2802] Fetching Quinos: SMS @ 2026-02-04...
[2401/2802] Fetching Quinos: BSD @ 2026-02-05...
[2402/2802] Fetching Quinos: LA.PIAZZA @ 2026-02-05...
[2403/2802] Fetching Quinos: MKG @ 2026-02-05...
[2404/2802] Fetching Quinos: SMB @ 2026-02-05...
[2405/2802] Fetching Quinos: SMB GOLD LOUNGE @ 2026-02-05...
[2406/2802] Fetching Quinos: SMS @ 2026-02-05...
[2407/2802] Fetching Quinos: BSD @ 2026-02-06...
[2408/2802] Fetching Quinos: LA.PIAZZA @ 2026-02-06...
[2409/2802] Fetching Quinos: MKG @ 2026-02-06...
[2410/2802] Fetching Quinos: SMB @ 2026-02-06...
[2411/2802] Fetching Quinos: SMB GOLD LOUNGE @ 2026-02-06...
[2412/2802] Fetching Quinos: SMS @ 2026-02-06...
[2413/2802] Fetching Quinos: BSD @ 2026-02-07...
[2414/2802] Fetching Quinos: LA.PIAZZA @ 2026-02-07...
[2415/2802] Fetching Quinos: MKG @ 2026-02-07...
[2416/2802] Fetching Quinos: SMB @ 2026-02-07...
[2417/2802] Fetching Quinos: SMB GOLD LOUNGE @ 2026-02-07...
[2418/2802] Fetching Quinos: SMS @ 2026-02-07...
[2419/2802] Fetching Quinos: BSD @ 2026-02-08...
[2420/2802] Fetching Quinos: LA.PIAZZA @ 2026-02-08...
[2421/2802] Fetching Quinos: MKG @ 2026-02-08...
[2422/2802] Fetching Quinos: SMB @ 2026-02-08...
[2423/2802] Fetching Quinos: SMB GOLD LOUNGE @ 2026-02-08...
[2424/2802] Fetching Quinos: SMS @ 2026-02-08...
[2425/2802] Fetching Quinos: BSD @ 2026-02-09...
[2426/2802] Fetching Quinos: LA.PIAZZA @ 2026-02-09...
[2427/2802] Fetching Quinos: MKG @ 2026-02-09...
[2428/2802] Fetching Quinos: SMB @ 2026-02-09...
[2429/2802] Fetching Quinos: SMB GOLD LOUNGE @ 2026-02-09...
[2430/2802] Fetching Quinos: SMS @ 2026-02-09...
[2431/2802] Fetching Quinos: BSD @ 2026-02-10...
[2432/2802] Fetching Quinos: LA.PIAZZA @ 2026-02-10...
[2433/2802] Fetching Quinos: MKG @ 2026-02-10...
[2434/2802] Fetching Quinos: SMB @ 2026-02-10...
[2435/2802] Fetching Quinos: SMB GOLD LOUNGE @ 2026-02-10...
[2436/2802] Fetching Quinos: SMS @ 2026-02-10...
[2437/2802] Fetching Quinos: BSD @ 2026-02-11...
[2438/2802] Fetching Quinos: LA.PIAZZA @ 2026-02-11...
[2439/2802] Fetching Quinos: MKG @ 2026-02-11...
[2440/2802] Fetching Quinos: SMB @ 2026-02-11...
[2441/2802] Fetching Quinos: SMB GOLD LOUNGE @ 2026-02-11...
[2442/2802] Fetching Quinos: SMS @ 2026-02-11...
[2443/2802] Fetching Quinos: BSD @ 2026-02-12...
[2444/2802] Fetching Quinos: LA.PIAZZA @ 2026-02-12...
[2445/2802] Fetching Quinos: MKG @ 2026-02-12...
[2446/2802] Fetching Quinos: SMB @ 2026-02-12...
[2447/2802] Fetching Quinos: SMB GOLD LOUNGE @ 2026-02-12...
[2448/2802] Fetching Quinos: SMS @ 2026-02-12...
[2449/2802] Fetching Quinos: BSD @ 2026-02-13...
[2450/2802] Fetching Quinos: LA.PIAZZA @ 2026-02-13...
[2451/2802] Fetching Quinos: MKG @ 2026-02-13...
[2452/2802] Fetching Quinos: SMB @ 2026-02-13...
[2453/2802] Fetching Quinos: SMB GOLD LOUNGE @ 2026-02-13...
[2454/2802] Fetching Quinos: SMS @ 2026-02-13...
[2455/2802] Fetching Quinos: BSD @ 2026-02-14...
[2456/2802] Fetching Quinos: LA.PIAZZA @ 2026-02-14...
[2457/2802] Fetching Quinos: MKG @ 2026-02-14...
[2458/2802] Fetching Quinos: SMB @ 2026-02-14...
[2459/2802] Fetching Quinos: SMB GOLD LOUNGE @ 2026-02-14...
[2460/2802] Fetching Quinos: SMS @ 2026-02-14...
[2461/2802] Fetching Quinos: BSD @ 2026-02-15...
[2462/2802] Fetching Quinos: LA.PIAZZA @ 2026-02-15...
[2463/2802] Fetching Quinos: MKG @ 2026-02-15...
[2464/2802] Fetching Quinos: SMB @ 2026-02-15...
[2465/2802] Fetching Quinos: SMB GOLD LOUNGE @ 2026-02-15...
[2466/2802] Fetching Quinos: SMS @ 2026-02-15...
[2467/2802] Fetching Quinos: BSD @ 2026-02-16...
[2468/2802] Fetching Quinos: LA.PIAZZA @ 2026-02-16...
[2469/2802] Fetching Quinos: MKG @ 2026-02-16...
[2470/2802] Fetching Quinos: SMB @ 2026-02-16...
[2471/2802] Fetching Quinos: SMB GOLD LOUNGE @ 2026-02-16...
[2472/2802] Fetching Quinos: SMS @ 2026-02-16...
[2473/2802] Fetching Quinos: BSD @ 2026-02-17...
[2474/2802] Fetching Quinos: LA.PIAZZA @ 2026-02-17...
[2475/2802] Fetching Quinos: MKG @ 2026-02-17...
[2476/2802] Fetching Quinos: SMB @ 2026-02-17...
[2477/2802] Fetching Quinos: SMB GOLD LOUNGE @ 2026-02-17...
[2478/2802] Fetching Quinos: SMS @ 2026-02-17...
[2479/2802] Fetching Quinos: BSD @ 2026-02-18...
[2480/2802] Fetching Quinos: LA.PIAZZA @ 2026-02-18...
[2481/2802] Fetching Quinos: MKG @ 2026-02-18...
[2482/2802] Fetching Quinos: SMB @ 2026-02-18...
[2483/2802] Fetching Quinos: SMB GOLD LOUNGE @ 2026-02-18...
[2484/2802] Fetching Quinos: SMS @ 2026-02-18...
[2485/2802] Fetching Quinos: BSD @ 2026-02-19...
[2486/2802] Fetching Quinos: LA.PIAZZA @ 2026-02-19...
[2487/2802] Fetching Quinos: MKG @ 2026-02-19...
[2488/2802] Fetching Quinos: SMB @ 2026-02-19...
[2489/2802] Fetching Quinos: SMB GOLD LOUNGE @ 2026-02-19...
[2490/2802] Fetching Quinos: SMS @ 2026-02-19...
[2491/2802] Fetching Quinos: BSD @ 2026-02-20...
[2492/2802] Fetching Quinos: LA.PIAZZA @ 2026-02-20...
[2493/2802] Fetching Quinos: MKG @ 2026-02-20...
[2494/2802] Fetching Quinos: SMB @ 2026-02-20...
[2495/2802] Fetching Quinos: SMB GOLD LOUNGE @ 2026-02-20...
[2496/2802] Fetching Quinos: SMS @ 2026-02-20...
[2497/2802] Fetching Quinos: BSD @ 2026-02-21...
[2498/2802] Fetching Quinos: LA.PIAZZA @ 2026-02-21...
[2499/2802] Fetching Quinos: MKG @ 2026-02-21...
[2500/2802] Fetching Quinos: SMB @ 2026-02-21...
[2501/2802] Fetching Quinos: SMB GOLD LOUNGE @ 2026-02-21...
[2502/2802] Fetching Quinos: SMS @ 2026-02-21...
[2503/2802] Fetching Quinos: BSD @ 2026-02-22...
[2504/2802] Fetching Quinos: LA.PIAZZA @ 2026-02-22...
[2505/2802] Fetching Quinos: MKG @ 2026-02-22...
[2506/2802] Fetching Quinos: SMB @ 2026-02-22...
[2507/2802] Fetching Quinos: SMB GOLD LOUNGE @ 2026-02-22...
[2508/2802] Fetching Quinos: SMS @ 2026-02-22...
[2509/2802] Fetching Quinos: BSD @ 2026-02-23...
[2510/2802] Fetching Quinos: LA.PIAZZA @ 2026-02-23...
[2511/2802] Fetching Quinos: MKG @ 2026-02-23...
[2512/2802] Fetching Quinos: SMB @ 2026-02-23...
[2513/2802] Fetching Quinos: SMB GOLD LOUNGE @ 2026-02-23...
[2514/2802] Fetching Quinos: SMS @ 2026-02-23...
[2515/2802] Fetching Quinos: BSD @ 2026-02-24...
[2516/2802] Fetching Quinos: LA.PIAZZA @ 2026-02-24...
[2517/2802] Fetching Quinos: MKG @ 2026-02-24...
[2518/2802] Fetching Quinos: SMB @ 2026-02-24...
[2519/2802] Fetching Quinos: SMB GOLD LOUNGE @ 2026-02-24...
[2520/2802] Fetching Quinos: SMS @ 2026-02-24...
[2521/2802] Fetching Quinos: BSD @ 2026-02-25...
[2522/2802] Fetching Quinos: LA.PIAZZA @ 2026-02-25...
[2523/2802] Fetching Quinos: MKG @ 2026-02-25...
[2524/2802] Fetching Quinos: SMB @ 2026-02-25...
[2525/2802] Fetching Quinos: SMB GOLD LOUNGE @ 2026-02-25...
[2526/2802] Fetching Quinos: SMS @ 2026-02-25...
[2527/2802] Fetching Quinos: BSD @ 2026-02-26...
[2528/2802] Fetching Quinos: LA.PIAZZA @ 2026-02-26...
[2529/2802] Fetching Quinos: MKG @ 2026-02-26...
[2530/2802] Fetching Quinos: SMB @ 2026-02-26...
[2531/2802] Fetching Quinos: SMB GOLD LOUNGE @ 2026-02-26...
[2532/2802] Fetching Quinos: SMS @ 2026-02-26...
[2533/2802] Fetching Quinos: BSD @ 2026-02-27...
[2534/2802] Fetching Quinos: LA.PIAZZA @ 2026-02-27...
[2535/2802] Fetching Quinos: MKG @ 2026-02-27...
[2536/2802] Fetching Quinos: SMB @ 2026-02-27...
[2537/2802] Fetching Quinos: SMB GOLD LOUNGE @ 2026-02-27...
[2538/2802] Fetching Quinos: SMS @ 2026-02-27...
[2539/2802] Fetching Quinos: BSD @ 2026-02-28...
[2540/2802] Fetching Quinos: LA.PIAZZA @ 2026-02-28...
[2541/2802] Fetching Quinos: MKG @ 2026-02-28...
[2542/2802] Fetching Quinos: SMB @ 2026-02-28...
[2543/2802] Fetching Quinos: SMB GOLD LOUNGE @ 2026-02-28...
[2544/2802] Fetching Quinos: SMS @ 2026-02-28...
[2545/2802] Fetching Quinos: BSD @ 2026-03-01...
[2546/2802] Fetching Quinos: LA.PIAZZA @ 2026-03-01...
[2547/2802] Fetching Quinos: MKG @ 2026-03-01...
[2548/2802] Fetching Quinos: SMB @ 2026-03-01...
[2549/2802] Fetching Quinos: SMB GOLD LOUNGE @ 2026-03-01...
[2550/2802] Fetching Quinos: SMS @ 2026-03-01...
[2551/2802] Fetching Quinos: BSD @ 2026-03-02...
[2552/2802] Fetching Quinos: LA.PIAZZA @ 2026-03-02...
[2553/2802] Fetching Quinos: MKG @ 2026-03-02...
[2554/2802] Fetching Quinos: SMB @ 2026-03-02...
[2555/2802] Fetching Quinos: SMB GOLD LOUNGE @ 2026-03-02...
[2556/2802] Fetching Quinos: SMS @ 2026-03-02...
[2557/2802] Fetching Quinos: BSD @ 2026-03-03...
[2558/2802] Fetching Quinos: LA.PIAZZA @ 2026-03-03...
[2559/2802] Fetching Quinos: MKG @ 2026-03-03...
[2560/2802] Fetching Quinos: SMB @ 2026-03-03...
[2561/2802] Fetching Quinos: SMB GOLD LOUNGE @ 2026-03-03...
[2562/2802] Fetching Quinos: SMS @ 2026-03-03...
[2563/2802] Fetching Quinos: BSD @ 2026-03-04...
[2564/2802] Fetching Quinos: LA.PIAZZA @ 2026-03-04...
[2565/2802] Fetching Quinos: MKG @ 2026-03-04...
[2566/2802] Fetching Quinos: SMB @ 2026-03-04...
[2567/2802] Fetching Quinos: SMB GOLD LOUNGE @ 2026-03-04...
[2568/2802] Fetching Quinos: SMS @ 2026-03-04...
[2569/2802] Fetching Quinos: BSD @ 2026-03-05...
[2570/2802] Fetching Quinos: LA.PIAZZA @ 2026-03-05...
[2571/2802] Fetching Quinos: MKG @ 2026-03-05...
[2572/2802] Fetching Quinos: SMB @ 2026-03-05...
[2573/2802] Fetching Quinos: SMB GOLD LOUNGE @ 2026-03-05...
[2574/2802] Fetching Quinos: SMS @ 2026-03-05...
[2575/2802] Fetching Quinos: BSD @ 2026-03-06...
[2576/2802] Fetching Quinos: LA.PIAZZA @ 2026-03-06...
[2577/2802] Fetching Quinos: MKG @ 2026-03-06...
[2578/2802] Fetching Quinos: SMB @ 2026-03-06...
[2579/2802] Fetching Quinos: SMB GOLD LOUNGE @ 2026-03-06...
[2580/2802] Fetching Quinos: SMS @ 2026-03-06...
[2581/2802] Fetching Quinos: BSD @ 2026-03-07...
[2582/2802] Fetching Quinos: LA.PIAZZA @ 2026-03-07...
[2583/2802] Fetching Quinos: MKG @ 2026-03-07...
[2584/2802] Fetching Quinos: SMB @ 2026-03-07...
[2585/2802] Fetching Quinos: SMB GOLD LOUNGE @ 2026-03-07...
[2586/2802] Fetching Quinos: SMS @ 2026-03-07...
[2587/2802] Fetching Quinos: BSD @ 2026-03-08...
[2588/2802] Fetching Quinos: LA.PIAZZA @ 2026-03-08...
[2589/2802] Fetching Quinos: MKG @ 2026-03-08...
[2590/2802] Fetching Quinos: SMB @ 2026-03-08...
[2591/2802] Fetching Quinos: SMB GOLD LOUNGE @ 2026-03-08...
[2592/2802] Fetching Quinos: SMS @ 2026-03-08...
[2593/2802] Fetching Quinos: BSD @ 2026-03-09...
[2594/2802] Fetching Quinos: LA.PIAZZA @ 2026-03-09...
[2595/2802] Fetching Quinos: MKG @ 2026-03-09...
[2596/2802] Fetching Quinos: SMB @ 2026-03-09...
[2597/2802] Fetching Quinos: SMB GOLD LOUNGE @ 2026-03-09...
[2598/2802] Fetching Quinos: SMS @ 2026-03-09...
[2599/2802] Fetching Quinos: BSD @ 2026-03-10...
Error BSD 2026-03-10: Gagal inisialisasi session: 
[2600/2802] Fetching Quinos: LA.PIAZZA @ 2026-03-10...
[2601/2802] Fetching Quinos: MKG @ 2026-03-10...
[2602/2802] Fetching Quinos: SMB @ 2026-03-10...
[2603/2802] Fetching Quinos: SMB GOLD LOUNGE @ 2026-03-10...
[2604/2802] Fetching Quinos: SMS @ 2026-03-10...
[2605/2802] Fetching Quinos: BSD @ 2026-03-11...
[2606/2802] Fetching Quinos: LA.PIAZZA @ 2026-03-11...
[2607/2802] Fetching Quinos: MKG @ 2026-03-11...
[2608/2802] Fetching Quinos: SMB @ 2026-03-11...
[2609/2802] Fetching Quinos: SMB GOLD LOUNGE @ 2026-03-11...
[2610/2802] Fetching Quinos: SMS @ 2026-03-11...
[2611/2802] Fetching Quinos: BSD @ 2026-03-12...
Error BSD 2026-03-12: 
[2612/2802] Fetching Quinos: LA.PIAZZA @ 2026-03-12...
Error LA.PIAZZA 2026-03-12: Gagal inisialisasi session: 
[2613/2802] Fetching Quinos: MKG @ 2026-03-12...
Error MKG 2026-03-12: 
[2614/2802] Fetching Quinos: SMB @ 2026-03-12...
Error SMB 2026-03-12: 
[2615/2802] Fetching Quinos: SMB GOLD LOUNGE @ 2026-03-12...
[2616/2802] Fetching Quinos: SMS @ 2026-03-12...
[2617/2802] Fetching Quinos: BSD @ 2026-03-13...
[2618/2802] Fetching Quinos: LA.PIAZZA @ 2026-03-13...
[2619/2802] Fetching Quinos: MKG @ 2026-03-13...
[2620/2802] Fetching Quinos: SMB @ 2026-03-13...
[2621/2802] Fetching Quinos: SMB GOLD LOUNGE @ 2026-03-13...
[2622/2802] Fetching Quinos: SMS @ 2026-03-13...
[2623/2802] Fetching Quinos: BSD @ 2026-03-14...
[2624/2802] Fetching Quinos: LA.PIAZZA @ 2026-03-14...
[2625/2802] Fetching Quinos: MKG @ 2026-03-14...
[2626/2802] Fetching Quinos: SMB @ 2026-03-14...
[2627/2802] Fetching Quinos: SMB GOLD LOUNGE @ 2026-03-14...
[2628/2802] Fetching Quinos: SMS @ 2026-03-14...
[2629/2802] Fetching Quinos: BSD @ 2026-03-15...
[2630/2802] Fetching Quinos: LA.PIAZZA @ 2026-03-15...
[2631/2802] Fetching Quinos: MKG @ 2026-03-15...
[2632/2802] Fetching Quinos: SMB @ 2026-03-15...
[2633/2802] Fetching Quinos: SMB GOLD LOUNGE @ 2026-03-15...
[2634/2802] Fetching Quinos: SMS @ 2026-03-15...
[2635/2802] Fetching Quinos: BSD @ 2026-03-16...
[2636/2802] Fetching Quinos: LA.PIAZZA @ 2026-03-16...
[2637/2802] Fetching Quinos: MKG @ 2026-03-16...
[2638/2802] Fetching Quinos: SMB @ 2026-03-16...
[2639/2802] Fetching Quinos: SMB GOLD LOUNGE @ 2026-03-16...
[2640/2802] Fetching Quinos: SMS @ 2026-03-16...
[2641/2802] Fetching Quinos: BSD @ 2026-03-17...
[2642/2802] Fetching Quinos: LA.PIAZZA @ 2026-03-17...
[2643/2802] Fetching Quinos: MKG @ 2026-03-17...
[2644/2802] Fetching Quinos: SMB @ 2026-03-17...
[2645/2802] Fetching Quinos: SMB GOLD LOUNGE @ 2026-03-17...
[2646/2802] Fetching Quinos: SMS @ 2026-03-17...
Error SMS 2026-03-17: Gagal inisialisasi session: 
[2647/2802] Fetching Quinos: BSD @ 2026-03-18...
[2648/2802] Fetching Quinos: LA.PIAZZA @ 2026-03-18...
[2649/2802] Fetching Quinos: MKG @ 2026-03-18...
[2650/2802] Fetching Quinos: SMB @ 2026-03-18...
[2651/2802] Fetching Quinos: SMB GOLD LOUNGE @ 2026-03-18...
[2652/2802] Fetching Quinos: SMS @ 2026-03-18...
[2653/2802] Fetching Quinos: BSD @ 2026-03-19...
[2654/2802] Fetching Quinos: LA.PIAZZA @ 2026-03-19...
[2655/2802] Fetching Quinos: MKG @ 2026-03-19...
[2656/2802] Fetching Quinos: SMB @ 2026-03-19...
[2657/2802] Fetching Quinos: SMB GOLD LOUNGE @ 2026-03-19...
[2658/2802] Fetching Quinos: SMS @ 2026-03-19...
[2659/2802] Fetching Quinos: BSD @ 2026-03-20...
[2660/2802] Fetching Quinos: LA.PIAZZA @ 2026-03-20...
[2661/2802] Fetching Quinos: MKG @ 2026-03-20...
[2662/2802] Fetching Quinos: SMB @ 2026-03-20...
[2663/2802] Fetching Quinos: SMB GOLD LOUNGE @ 2026-03-20...
[2664/2802] Fetching Quinos: SMS @ 2026-03-20...
[2665/2802] Fetching Quinos: BSD @ 2026-03-21...
[2666/2802] Fetching Quinos: LA.PIAZZA @ 2026-03-21...
[2667/2802] Fetching Quinos: MKG @ 2026-03-21...
[2668/2802] Fetching Quinos: SMB @ 2026-03-21...
[2669/2802] Fetching Quinos: SMB GOLD LOUNGE @ 2026-03-21...
[2670/2802] Fetching Quinos: SMS @ 2026-03-21...
[2671/2802] Fetching Quinos: BSD @ 2026-03-22...
[2672/2802] Fetching Quinos: LA.PIAZZA @ 2026-03-22...
[2673/2802] Fetching Quinos: MKG @ 2026-03-22...
[2674/2802] Fetching Quinos: SMB @ 2026-03-22...
[2675/2802] Fetching Quinos: SMB GOLD LOUNGE @ 2026-03-22...
[2676/2802] Fetching Quinos: SMS @ 2026-03-22...
[2677/2802] Fetching Quinos: BSD @ 2026-03-23...
[2678/2802] Fetching Quinos: LA.PIAZZA @ 2026-03-23...
[2679/2802] Fetching Quinos: MKG @ 2026-03-23...
[2680/2802] Fetching Quinos: SMB @ 2026-03-23...
[2681/2802] Fetching Quinos: SMB GOLD LOUNGE @ 2026-03-23...
[2682/2802] Fetching Quinos: SMS @ 2026-03-23...
[2683/2802] Fetching Quinos: BSD @ 2026-03-24...
[2684/2802] Fetching Quinos: LA.PIAZZA @ 2026-03-24...
[2685/2802] Fetching Quinos: MKG @ 2026-03-24...
[2686/2802] Fetching Quinos: SMB @ 2026-03-24...
[2687/2802] Fetching Quinos: SMB GOLD LOUNGE @ 2026-03-24...
[2688/2802] Fetching Quinos: SMS @ 2026-03-24...
[2689/2802] Fetching Quinos: BSD @ 2026-03-25...
[2690/2802] Fetching Quinos: LA.PIAZZA @ 2026-03-25...
[2691/2802] Fetching Quinos: MKG @ 2026-03-25...
[2692/2802] Fetching Quinos: SMB @ 2026-03-25...
[2693/2802] Fetching Quinos: SMB GOLD LOUNGE @ 2026-03-25...
[2694/2802] Fetching Quinos: SMS @ 2026-03-25...
[2695/2802] Fetching Quinos: BSD @ 2026-03-26...
[2696/2802] Fetching Quinos: LA.PIAZZA @ 2026-03-26...
[2697/2802] Fetching Quinos: MKG @ 2026-03-26...
[2698/2802] Fetching Quinos: SMB @ 2026-03-26...
[2699/2802] Fetching Quinos: SMB GOLD LOUNGE @ 2026-03-26...
[2700/2802] Fetching Quinos: SMS @ 2026-03-26...
[2701/2802] Fetching Quinos: BSD @ 2026-03-27...
[2702/2802] Fetching Quinos: LA.PIAZZA @ 2026-03-27...
[2703/2802] Fetching Quinos: MKG @ 2026-03-27...
[2704/2802] Fetching Quinos: SMB @ 2026-03-27...
[2705/2802] Fetching Quinos: SMB GOLD LOUNGE @ 2026-03-27...
[2706/2802] Fetching Quinos: SMS @ 2026-03-27...
[2707/2802] Fetching Quinos: BSD @ 2026-03-28...
[2708/2802] Fetching Quinos: LA.PIAZZA @ 2026-03-28...
[2709/2802] Fetching Quinos: MKG @ 2026-03-28...
[2710/2802] Fetching Quinos: SMB @ 2026-03-28...
[2711/2802] Fetching Quinos: SMB GOLD LOUNGE @ 2026-03-28...
[2712/2802] Fetching Quinos: SMS @ 2026-03-28...
[2713/2802] Fetching Quinos: BSD @ 2026-03-29...
[2714/2802] Fetching Quinos: LA.PIAZZA @ 2026-03-29...
[2715/2802] Fetching Quinos: MKG @ 2026-03-29...
[2716/2802] Fetching Quinos: SMB @ 2026-03-29...
[2717/2802] Fetching Quinos: SMB GOLD LOUNGE @ 2026-03-29...
[2718/2802] Fetching Quinos: SMS @ 2026-03-29...
[2719/2802] Fetching Quinos: BSD @ 2026-03-30...
[2720/2802] Fetching Quinos: LA.PIAZZA @ 2026-03-30...
[2721/2802] Fetching Quinos: MKG @ 2026-03-30...
[2722/2802] Fetching Quinos: SMB @ 2026-03-30...
[2723/2802] Fetching Quinos: SMB GOLD LOUNGE @ 2026-03-30...
[2724/2802] Fetching Quinos: SMS @ 2026-03-30...
[2725/2802] Fetching Quinos: BSD @ 2026-03-31...
[2726/2802] Fetching Quinos: LA.PIAZZA @ 2026-03-31...
[2727/2802] Fetching Quinos: MKG @ 2026-03-31...
[2728/2802] Fetching Quinos: SMB @ 2026-03-31...
[2729/2802] Fetching Quinos: SMB GOLD LOUNGE @ 2026-03-31...
[2730/2802] Fetching Quinos: SMS @ 2026-03-31...
[2731/2802] Fetching Quinos: BSD @ 2026-04-01...
[2732/2802] Fetching Quinos: LA.PIAZZA @ 2026-04-01...
[2733/2802] Fetching Quinos: MKG @ 2026-04-01...
[2734/2802] Fetching Quinos: SMB @ 2026-04-01...
[2735/2802] Fetching Quinos: SMB GOLD LOUNGE @ 2026-04-01...
[2736/2802] Fetching Quinos: SMS @ 2026-04-01...
[2737/2802] Fetching Quinos: BSD @ 2026-04-02...
[2738/2802] Fetching Quinos: LA.PIAZZA @ 2026-04-02...
[2739/2802] Fetching Quinos: MKG @ 2026-04-02...
[2740/2802] Fetching Quinos: SMB @ 2026-04-02...
[2741/2802] Fetching Quinos: SMB GOLD LOUNGE @ 2026-04-02...
[2742/2802] Fetching Quinos: SMS @ 2026-04-02...
[2743/2802] Fetching Quinos: BSD @ 2026-04-03...
[2744/2802] Fetching Quinos: LA.PIAZZA @ 2026-04-03...
[2745/2802] Fetching Quinos: MKG @ 2026-04-03...
[2746/2802] Fetching Quinos: SMB @ 2026-04-03...
[2747/2802] Fetching Quinos: SMB GOLD LOUNGE @ 2026-04-03...
[2748/2802] Fetching Quinos: SMS @ 2026-04-03...
[2749/2802] Fetching Quinos: BSD @ 2026-04-04...
[2750/2802] Fetching Quinos: LA.PIAZZA @ 2026-04-04...
[2751/2802] Fetching Quinos: MKG @ 2026-04-04...
[2752/2802] Fetching Quinos: SMB @ 2026-04-04...
[2753/2802] Fetching Quinos: SMB GOLD LOUNGE @ 2026-04-04...
[2754/2802] Fetching Quinos: SMS @ 2026-04-04...
[2755/2802] Fetching Quinos: BSD @ 2026-04-05...
[2757/2802] Fetching Quinos: MKG @ 2026-04-05...
[2758/2802] Fetching Quinos: SMB @ 2026-04-05...
[2759/2802] Fetching Quinos: SMB GOLD LOUNGE @ 2026-04-05...
[2760/2802] Fetching Quinos: SMS @ 2026-04-05...
[2761/2802] Fetching Quinos: BSD @ 2026-04-06...
[2762/2802] Fetching Quinos: LA.PIAZZA @ 2026-04-06...
[2763/2802] Fetching Quinos: MKG @ 2026-04-06...
[2764/2802] Fetching Quinos: SMB @ 2026-04-06...
[2765/2802] Fetching Quinos: SMB GOLD LOUNGE @ 2026-04-06...
[2766/2802] Fetching Quinos: SMS @ 2026-04-06...
[2767/2802] Fetching Quinos: BSD @ 2026-04-07...
[2769/2802] Fetching Quinos: MKG @ 2026-04-07...
[2770/2802] Fetching Quinos: SMB @ 2026-04-07...
[2771/2802] Fetching Quinos: SMB GOLD LOUNGE @ 2026-04-07...
[2772/2802] Fetching Quinos: SMS @ 2026-04-07...
[2773/2802] Fetching Quinos: BSD @ 2026-04-08...
[2776/2802] Fetching Quinos: SMB @ 2026-04-08...
[2777/2802] Fetching Quinos: SMB GOLD LOUNGE @ 2026-04-08...
[2778/2802] Fetching Quinos: SMS @ 2026-04-08...
[2779/2802] Fetching Quinos: BSD @ 2026-04-09...
[2781/2802] Fetching Quinos: MKG @ 2026-04-09...
[2782/2802] Fetching Quinos: SMB @ 2026-04-09...
[2783/2802] Fetching Quinos: SMB GOLD LOUNGE @ 2026-04-09...
[2784/2802] Fetching Quinos: SMS @ 2026-04-09...
[2785/2802] Fetching Quinos: BSD @ 2026-04-10...
[2787/2802] Fetching Quinos: MKG @ 2026-04-10...
[2788/2802] Fetching Quinos: SMB @ 2026-04-10...
[2789/2802] Fetching Quinos: SMB GOLD LOUNGE @ 2026-04-10...
[2790/2802] Fetching Quinos: SMS @ 2026-04-10...
[2791/2802] Fetching Quinos: BSD @ 2026-04-11...
[2792/2802] Fetching Quinos: LA.PIAZZA @ 2026-04-11...
[2793/2802] Fetching Quinos: MKG @ 2026-04-11...
[2794/2802] Fetching Quinos: SMB @ 2026-04-11...
[2795/2802] Fetching Quinos: SMB GOLD LOUNGE @ 2026-04-11...
[2796/2802] Fetching Quinos: SMS @ 2026-04-11...
[2797/2802] Fetching Quinos: BSD @ 2026-04-12...
[2798/2802] Fetching Quinos: LA.PIAZZA @ 2026-04-12...
[2799/2802] Fetching Quinos: MKG @ 2026-04-12...
[2800/2802] Fetching Quinos: SMB @ 2026-04-12...
[2801/2802] Fetching Quinos: SMB GOLD LOUNGE @ 2026-04-12...
[2802/2802] Fetching Quinos: SMS @ 2026-04-12...

SELESAI! File siap di audit: /Users/questmotors/strada-brew/batch_jurnal_template.csv
