Mengambil data dari database...
[1/2802] Fetching data dari Quinos untuk BSD tanggal 2025-01-01... (Bisa memakan waktu beberapa detik)
[2/2802] Fetching data dari Quinos untuk LA.PIAZZA tanggal 2025-01-01... (Bisa memakan waktu beberapa detik)
[3/2802] Fetching data dari Quinos untuk MKG tanggal 2025-01-01... (Bisa memakan waktu beberapa detik)
[4/2802] Fetching data dari Quinos untuk SMB tanggal 2025-01-01... (Bisa memakan waktu beberapa detik)
[5/2802] Fetching data dari Quinos untuk SMB GOLD LOUNGE tanggal 2025-01-01... (Bisa memakan waktu beberapa detik)
[6/2802] Fetching data dari Quinos untuk SMS tanggal 2025-01-01... (Bisa memakan waktu beberapa detik)
[7/2802] Fetching data dari Quinos untuk BSD tanggal 2025-01-02... (Bisa memakan waktu beberapa detik)
[8/2802] Fetching data dari Quinos untuk LA.PIAZZA tanggal 2025-01-02... (Bisa memakan waktu beberapa detik)
[9/2802] Fetching data dari Quinos untuk MKG tanggal 2025-01-02... (Bisa memakan waktu beberapa detik)
[10/2802] Fetching data dari Quinos untuk SMB tanggal 2025-01-02... (Bisa memakan waktu beberapa detik)
[11/2802] Fetching data dari Quinos untuk SMB GOLD LOUNGE tanggal 2025-01-02... (Bisa memakan waktu beberapa detik)
[12/2802] Fetching data dari Quinos untuk SMS tanggal 2025-01-02... (Bisa memakan waktu beberapa detik)
[13/2802] Fetching data dari Quinos untuk BSD tanggal 2025-01-03... (Bisa memakan waktu beberapa detik)
[14/2802] Fetching data dari Quinos untuk LA.PIAZZA tanggal 2025-01-03... (Bisa memakan waktu beberapa detik)
[15/2802] Fetching data dari Quinos untuk MKG tanggal 2025-01-03... (Bisa memakan waktu beberapa detik)
[16/2802] Fetching data dari Quinos untuk SMB tanggal 2025-01-03... (Bisa memakan waktu beberapa detik)
[17/2802] Fetching data dari Quinos untuk SMB GOLD LOUNGE tanggal 2025-01-03... (Bisa memakan waktu beberapa detik)
[18/2802] Fetching data dari Quinos untuk SMS tanggal 2025-01-03... (Bisa memakan waktu beberapa detik)
[19/2802] Fetching data dari Quinos untuk BSD tanggal 2025-01-04... (Bisa memakan waktu beberapa detik)
[20/2802] Fetching data dari Quinos untuk LA.PIAZZA tanggal 2025-01-04... (Bisa memakan waktu beberapa detik)
[21/2802] Fetching data dari Quinos untuk MKG tanggal 2025-01-04... (Bisa memakan waktu beberapa detik)
[22/2802] Fetching data dari Quinos untuk SMB tanggal 2025-01-04... (Bisa memakan waktu beberapa detik)
[23/2802] Fetching data dari Quinos untuk SMB GOLD LOUNGE tanggal 2025-01-04... (Bisa memakan waktu beberapa detik)
[24/2802] Fetching data dari Quinos untuk SMS tanggal 2025-01-04... (Bisa memakan waktu beberapa detik)
[25/2802] Fetching data dari Quinos untuk BSD tanggal 2025-01-05... (Bisa memakan waktu beberapa detik)
[26/2802] Fetching data dari Quinos untuk LA.PIAZZA tanggal 2025-01-05... (Bisa memakan waktu beberapa detik)
[27/2802] Fetching data dari Quinos untuk MKG tanggal 2025-01-05... (Bisa memakan waktu beberapa detik)
[28/2802] Fetching data dari Quinos untuk SMB tanggal 2025-01-05... (Bisa memakan waktu beberapa detik)
[29/2802] Fetching data dari Quinos untuk SMB GOLD LOUNGE tanggal 2025-01-05... (Bisa memakan waktu beberapa detik)
[30/2802] Fetching data dari Quinos untuk SMS tanggal 2025-01-05... (Bisa memakan waktu beberapa detik)
[31/2802] Fetching data dari Quinos untuk BSD tanggal 2025-01-06... (Bisa memakan waktu beberapa detik)
[32/2802] Fetching data dari Quinos untuk LA.PIAZZA tanggal 2025-01-06... (Bisa memakan waktu beberapa detik)
[33/2802] Fetching data dari Quinos untuk MKG tanggal 2025-01-06... (Bisa memakan waktu beberapa detik)
[34/2802] Fetching data dari Quinos untuk SMB tanggal 2025-01-06... (Bisa memakan waktu beberapa detik)
[35/2802] Fetching data dari Quinos untuk SMB GOLD LOUNGE tanggal 2025-01-06... (Bisa memakan waktu beberapa detik)
[36/2802] Fetching data dari Quinos untuk SMS tanggal 2025-01-06... (Bisa memakan waktu beberapa detik)
[37/2802] Fetching data dari Quinos untuk BSD tanggal 2025-01-07... (Bisa memakan waktu beberapa detik)
[38/2802] Fetching data dari Quinos untuk LA.PIAZZA tanggal 2025-01-07... (Bisa memakan waktu beberapa detik)
[39/2802] Fetching data dari Quinos untuk MKG tanggal 2025-01-07... (Bisa memakan waktu beberapa detik)
Gagal fetch Quinos MKG 2025-01-07: Gagal inisialisasi session: 
[40/2802] Fetching data dari Quinos untuk SMB tanggal 2025-01-07... (Bisa memakan waktu beberapa detik)
[41/2802] Fetching data dari Quinos untuk SMB GOLD LOUNGE tanggal 2025-01-07... (Bisa memakan waktu beberapa detik)
[42/2802] Fetching data dari Quinos untuk SMS tanggal 2025-01-07... (Bisa memakan waktu beberapa detik)
[43/2802] Fetching data dari Quinos untuk BSD tanggal 2025-01-08... (Bisa memakan waktu beberapa detik)
[44/2802] Fetching data dari Quinos untuk LA.PIAZZA tanggal 2025-01-08... (Bisa memakan waktu beberapa detik)
[45/2802] Fetching data dari Quinos untuk MKG tanggal 2025-01-08... (Bisa memakan waktu beberapa detik)
[46/2802] Fetching data dari Quinos untuk SMB tanggal 2025-01-08... (Bisa memakan waktu beberapa detik)
[47/2802] Fetching data dari Quinos untuk SMB GOLD LOUNGE tanggal 2025-01-08... (Bisa memakan waktu beberapa detik)
[48/2802] Fetching data dari Quinos untuk SMS tanggal 2025-01-08... (Bisa memakan waktu beberapa detik)
[49/2802] Fetching data dari Quinos untuk BSD tanggal 2025-01-09... (Bisa memakan waktu beberapa detik)
[50/2802] Fetching data dari Quinos untuk LA.PIAZZA tanggal 2025-01-09... (Bisa memakan waktu beberapa detik)
[51/2802] Fetching data dari Quinos untuk MKG tanggal 2025-01-09... (Bisa memakan waktu beberapa detik)
[52/2802] Fetching data dari Quinos untuk SMB tanggal 2025-01-09... (Bisa memakan waktu beberapa detik)
[53/2802] Fetching data dari Quinos untuk SMB GOLD LOUNGE tanggal 2025-01-09... (Bisa memakan waktu beberapa detik)
[54/2802] Fetching data dari Quinos untuk SMS tanggal 2025-01-09... (Bisa memakan waktu beberapa detik)
[55/2802] Fetching data dari Quinos untuk BSD tanggal 2025-01-10... (Bisa memakan waktu beberapa detik)
[56/2802] Fetching data dari Quinos untuk LA.PIAZZA tanggal 2025-01-10... (Bisa memakan waktu beberapa detik)
[57/2802] Fetching data dari Quinos untuk MKG tanggal 2025-01-10... (Bisa memakan waktu beberapa detik)
[58/2802] Fetching data dari Quinos untuk SMB tanggal 2025-01-10... (Bisa memakan waktu beberapa detik)
[59/2802] Fetching data dari Quinos untuk SMB GOLD LOUNGE tanggal 2025-01-10... (Bisa memakan waktu beberapa detik)
[60/2802] Fetching data dari Quinos untuk SMS tanggal 2025-01-10... (Bisa memakan waktu beberapa detik)
[61/2802] Fetching data dari Quinos untuk BSD tanggal 2025-01-11... (Bisa memakan waktu beberapa detik)
[62/2802] Fetching data dari Quinos untuk LA.PIAZZA tanggal 2025-01-11... (Bisa memakan waktu beberapa detik)
[63/2802] Fetching data dari Quinos untuk MKG tanggal 2025-01-11... (Bisa memakan waktu beberapa detik)
[64/2802] Fetching data dari Quinos untuk SMB tanggal 2025-01-11... (Bisa memakan waktu beberapa detik)
[65/2802] Fetching data dari Quinos untuk SMB GOLD LOUNGE tanggal 2025-01-11... (Bisa memakan waktu beberapa detik)
[66/2802] Fetching data dari Quinos untuk SMS tanggal 2025-01-11... (Bisa memakan waktu beberapa detik)
[67/2802] Fetching data dari Quinos untuk BSD tanggal 2025-01-12... (Bisa memakan waktu beberapa detik)
[68/2802] Fetching data dari Quinos untuk LA.PIAZZA tanggal 2025-01-12... (Bisa memakan waktu beberapa detik)
[69/2802] Fetching data dari Quinos untuk MKG tanggal 2025-01-12... (Bisa memakan waktu beberapa detik)
[70/2802] Fetching data dari Quinos untuk SMB tanggal 2025-01-12... (Bisa memakan waktu beberapa detik)
[71/2802] Fetching data dari Quinos untuk SMB GOLD LOUNGE tanggal 2025-01-12... (Bisa memakan waktu beberapa detik)
[72/2802] Fetching data dari Quinos untuk SMS tanggal 2025-01-12... (Bisa memakan waktu beberapa detik)
[73/2802] Fetching data dari Quinos untuk BSD tanggal 2025-01-13... (Bisa memakan waktu beberapa detik)
[74/2802] Fetching data dari Quinos untuk LA.PIAZZA tanggal 2025-01-13... (Bisa memakan waktu beberapa detik)
[75/2802] Fetching data dari Quinos untuk MKG tanggal 2025-01-13... (Bisa memakan waktu beberapa detik)
[76/2802] Fetching data dari Quinos untuk SMB tanggal 2025-01-13... (Bisa memakan waktu beberapa detik)
[77/2802] Fetching data dari Quinos untuk SMB GOLD LOUNGE tanggal 2025-01-13... (Bisa memakan waktu beberapa detik)
[78/2802] Fetching data dari Quinos untuk SMS tanggal 2025-01-13... (Bisa memakan waktu beberapa detik)
[79/2802] Fetching data dari Quinos untuk BSD tanggal 2025-01-14... (Bisa memakan waktu beberapa detik)
[80/2802] Fetching data dari Quinos untuk LA.PIAZZA tanggal 2025-01-14... (Bisa memakan waktu beberapa detik)
[81/2802] Fetching data dari Quinos untuk MKG tanggal 2025-01-14... (Bisa memakan waktu beberapa detik)
[82/2802] Fetching data dari Quinos untuk SMB tanggal 2025-01-14... (Bisa memakan waktu beberapa detik)
[83/2802] Fetching data dari Quinos untuk SMB GOLD LOUNGE tanggal 2025-01-14... (Bisa memakan waktu beberapa detik)
[84/2802] Fetching data dari Quinos untuk SMS tanggal 2025-01-14... (Bisa memakan waktu beberapa detik)
[85/2802] Fetching data dari Quinos untuk BSD tanggal 2025-01-15... (Bisa memakan waktu beberapa detik)
[86/2802] Fetching data dari Quinos untuk LA.PIAZZA tanggal 2025-01-15... (Bisa memakan waktu beberapa detik)
[87/2802] Fetching data dari Quinos untuk MKG tanggal 2025-01-15... (Bisa memakan waktu beberapa detik)
[88/2802] Fetching data dari Quinos untuk SMB tanggal 2025-01-15... (Bisa memakan waktu beberapa detik)
[89/2802] Fetching data dari Quinos untuk SMB GOLD LOUNGE tanggal 2025-01-15... (Bisa memakan waktu beberapa detik)
[90/2802] Fetching data dari Quinos untuk SMS tanggal 2025-01-15... (Bisa memakan waktu beberapa detik)
[91/2802] Fetching data dari Quinos untuk BSD tanggal 2025-01-16... (Bisa memakan waktu beberapa detik)
[92/2802] Fetching data dari Quinos untuk LA.PIAZZA tanggal 2025-01-16... (Bisa memakan waktu beberapa detik)
[93/2802] Fetching data dari Quinos untuk MKG tanggal 2025-01-16... (Bisa memakan waktu beberapa detik)
[94/2802] Fetching data dari Quinos untuk SMB tanggal 2025-01-16... (Bisa memakan waktu beberapa detik)
[95/2802] Fetching data dari Quinos untuk SMB GOLD LOUNGE tanggal 2025-01-16... (Bisa memakan waktu beberapa detik)
[96/2802] Fetching data dari Quinos untuk SMS tanggal 2025-01-16... (Bisa memakan waktu beberapa detik)
[97/2802] Fetching data dari Quinos untuk BSD tanggal 2025-01-17... (Bisa memakan waktu beberapa detik)
[98/2802] Fetching data dari Quinos untuk LA.PIAZZA tanggal 2025-01-17... (Bisa memakan waktu beberapa detik)
[99/2802] Fetching data dari Quinos untuk MKG tanggal 2025-01-17... (Bisa memakan waktu beberapa detik)
[100/2802] Fetching data dari Quinos untuk SMB tanggal 2025-01-17... (Bisa memakan waktu beberapa detik)
[101/2802] Fetching data dari Quinos untuk SMB GOLD LOUNGE tanggal 2025-01-17... (Bisa memakan waktu beberapa detik)
[102/2802] Fetching data dari Quinos untuk SMS tanggal 2025-01-17... (Bisa memakan waktu beberapa detik)
[103/2802] Fetching data dari Quinos untuk BSD tanggal 2025-01-18... (Bisa memakan waktu beberapa detik)
[104/2802] Fetching data dari Quinos untuk LA.PIAZZA tanggal 2025-01-18... (Bisa memakan waktu beberapa detik)
[105/2802] Fetching data dari Quinos untuk MKG tanggal 2025-01-18... (Bisa memakan waktu beberapa detik)
[106/2802] Fetching data dari Quinos untuk SMB tanggal 2025-01-18... (Bisa memakan waktu beberapa detik)
[107/2802] Fetching data dari Quinos untuk SMB GOLD LOUNGE tanggal 2025-01-18... (Bisa memakan waktu beberapa detik)
[108/2802] Fetching data dari Quinos untuk SMS tanggal 2025-01-18... (Bisa memakan waktu beberapa detik)
[109/2802] Fetching data dari Quinos untuk BSD tanggal 2025-01-19... (Bisa memakan waktu beberapa detik)
[110/2802] Fetching data dari Quinos untuk LA.PIAZZA tanggal 2025-01-19... (Bisa memakan waktu beberapa detik)
[111/2802] Fetching data dari Quinos untuk MKG tanggal 2025-01-19... (Bisa memakan waktu beberapa detik)
[112/2802] Fetching data dari Quinos untuk SMB tanggal 2025-01-19... (Bisa memakan waktu beberapa detik)
[113/2802] Fetching data dari Quinos untuk SMB GOLD LOUNGE tanggal 2025-01-19... (Bisa memakan waktu beberapa detik)
[114/2802] Fetching data dari Quinos untuk SMS tanggal 2025-01-19... (Bisa memakan waktu beberapa detik)
[115/2802] Fetching data dari Quinos untuk BSD tanggal 2025-01-20... (Bisa memakan waktu beberapa detik)
[116/2802] Fetching data dari Quinos untuk LA.PIAZZA tanggal 2025-01-20... (Bisa memakan waktu beberapa detik)
[117/2802] Fetching data dari Quinos untuk MKG tanggal 2025-01-20... (Bisa memakan waktu beberapa detik)
[118/2802] Fetching data dari Quinos untuk SMB tanggal 2025-01-20... (Bisa memakan waktu beberapa detik)
[119/2802] Fetching data dari Quinos untuk SMB GOLD LOUNGE tanggal 2025-01-20... (Bisa memakan waktu beberapa detik)
[120/2802] Fetching data dari Quinos untuk SMS tanggal 2025-01-20... (Bisa memakan waktu beberapa detik)
[121/2802] Fetching data dari Quinos untuk BSD tanggal 2025-01-21... (Bisa memakan waktu beberapa detik)
[122/2802] Fetching data dari Quinos untuk LA.PIAZZA tanggal 2025-01-21... (Bisa memakan waktu beberapa detik)
[123/2802] Fetching data dari Quinos untuk MKG tanggal 2025-01-21... (Bisa memakan waktu beberapa detik)
[124/2802] Fetching data dari Quinos untuk SMB tanggal 2025-01-21... (Bisa memakan waktu beberapa detik)
[125/2802] Fetching data dari Quinos untuk SMB GOLD LOUNGE tanggal 2025-01-21... (Bisa memakan waktu beberapa detik)
[126/2802] Fetching data dari Quinos untuk SMS tanggal 2025-01-21... (Bisa memakan waktu beberapa detik)
[127/2802] Fetching data dari Quinos untuk BSD tanggal 2025-01-22... (Bisa memakan waktu beberapa detik)
[128/2802] Fetching data dari Quinos untuk LA.PIAZZA tanggal 2025-01-22... (Bisa memakan waktu beberapa detik)
[129/2802] Fetching data dari Quinos untuk MKG tanggal 2025-01-22... (Bisa memakan waktu beberapa detik)
[130/2802] Fetching data dari Quinos untuk SMB tanggal 2025-01-22... (Bisa memakan waktu beberapa detik)
[131/2802] Fetching data dari Quinos untuk SMB GOLD LOUNGE tanggal 2025-01-22... (Bisa memakan waktu beberapa detik)
[132/2802] Fetching data dari Quinos untuk SMS tanggal 2025-01-22... (Bisa memakan waktu beberapa detik)
[133/2802] Fetching data dari Quinos untuk BSD tanggal 2025-01-23... (Bisa memakan waktu beberapa detik)
[134/2802] Fetching data dari Quinos untuk LA.PIAZZA tanggal 2025-01-23... (Bisa memakan waktu beberapa detik)
[135/2802] Fetching data dari Quinos untuk MKG tanggal 2025-01-23... (Bisa memakan waktu beberapa detik)
[136/2802] Fetching data dari Quinos untuk SMB tanggal 2025-01-23... (Bisa memakan waktu beberapa detik)
[137/2802] Fetching data dari Quinos untuk SMB GOLD LOUNGE tanggal 2025-01-23... (Bisa memakan waktu beberapa detik)
[138/2802] Fetching data dari Quinos untuk SMS tanggal 2025-01-23... (Bisa memakan waktu beberapa detik)
[139/2802] Fetching data dari Quinos untuk BSD tanggal 2025-01-24... (Bisa memakan waktu beberapa detik)
[140/2802] Fetching data dari Quinos untuk LA.PIAZZA tanggal 2025-01-24... (Bisa memakan waktu beberapa detik)
[141/2802] Fetching data dari Quinos untuk MKG tanggal 2025-01-24... (Bisa memakan waktu beberapa detik)
[142/2802] Fetching data dari Quinos untuk SMB tanggal 2025-01-24... (Bisa memakan waktu beberapa detik)
[143/2802] Fetching data dari Quinos untuk SMB GOLD LOUNGE tanggal 2025-01-24... (Bisa memakan waktu beberapa detik)
[144/2802] Fetching data dari Quinos untuk SMS tanggal 2025-01-24... (Bisa memakan waktu beberapa detik)
[145/2802] Fetching data dari Quinos untuk BSD tanggal 2025-01-25... (Bisa memakan waktu beberapa detik)
[146/2802] Fetching data dari Quinos untuk LA.PIAZZA tanggal 2025-01-25... (Bisa memakan waktu beberapa detik)
[147/2802] Fetching data dari Quinos untuk MKG tanggal 2025-01-25... (Bisa memakan waktu beberapa detik)
[148/2802] Fetching data dari Quinos untuk SMB tanggal 2025-01-25... (Bisa memakan waktu beberapa detik)
[149/2802] Fetching data dari Quinos untuk SMB GOLD LOUNGE tanggal 2025-01-25... (Bisa memakan waktu beberapa detik)
[150/2802] Fetching data dari Quinos untuk SMS tanggal 2025-01-25... (Bisa memakan waktu beberapa detik)
[151/2802] Fetching data dari Quinos untuk BSD tanggal 2025-01-26... (Bisa memakan waktu beberapa detik)
[152/2802] Fetching data dari Quinos untuk LA.PIAZZA tanggal 2025-01-26... (Bisa memakan waktu beberapa detik)
[153/2802] Fetching data dari Quinos untuk MKG tanggal 2025-01-26... (Bisa memakan waktu beberapa detik)
[154/2802] Fetching data dari Quinos untuk SMB tanggal 2025-01-26... (Bisa memakan waktu beberapa detik)
[155/2802] Fetching data dari Quinos untuk SMB GOLD LOUNGE tanggal 2025-01-26... (Bisa memakan waktu beberapa detik)
[156/2802] Fetching data dari Quinos untuk SMS tanggal 2025-01-26... (Bisa memakan waktu beberapa detik)
[157/2802] Fetching data dari Quinos untuk BSD tanggal 2025-01-27... (Bisa memakan waktu beberapa detik)
[158/2802] Fetching data dari Quinos untuk LA.PIAZZA tanggal 2025-01-27... (Bisa memakan waktu beberapa detik)
[159/2802] Fetching data dari Quinos untuk MKG tanggal 2025-01-27... (Bisa memakan waktu beberapa detik)
Gagal fetch Quinos MKG 2025-01-27: 
[160/2802] Fetching data dari Quinos untuk SMB tanggal 2025-01-27... (Bisa memakan waktu beberapa detik)
Gagal fetch Quinos SMB 2025-01-27: 
[161/2802] Fetching data dari Quinos untuk SMB GOLD LOUNGE tanggal 2025-01-27... (Bisa memakan waktu beberapa detik)
[162/2802] Fetching data dari Quinos untuk SMS tanggal 2025-01-27... (Bisa memakan waktu beberapa detik)
[163/2802] Fetching data dari Quinos untuk BSD tanggal 2025-01-28... (Bisa memakan waktu beberapa detik)
[164/2802] Fetching data dari Quinos untuk LA.PIAZZA tanggal 2025-01-28... (Bisa memakan waktu beberapa detik)
[165/2802] Fetching data dari Quinos untuk MKG tanggal 2025-01-28... (Bisa memakan waktu beberapa detik)
[166/2802] Fetching data dari Quinos untuk SMB tanggal 2025-01-28... (Bisa memakan waktu beberapa detik)
[167/2802] Fetching data dari Quinos untuk SMB GOLD LOUNGE tanggal 2025-01-28... (Bisa memakan waktu beberapa detik)
[168/2802] Fetching data dari Quinos untuk SMS tanggal 2025-01-28... (Bisa memakan waktu beberapa detik)
[169/2802] Fetching data dari Quinos untuk BSD tanggal 2025-01-29... (Bisa memakan waktu beberapa detik)
[170/2802] Fetching data dari Quinos untuk LA.PIAZZA tanggal 2025-01-29... (Bisa memakan waktu beberapa detik)
[171/2802] Fetching data dari Quinos untuk MKG tanggal 2025-01-29... (Bisa memakan waktu beberapa detik)
[172/2802] Fetching data dari Quinos untuk SMB tanggal 2025-01-29... (Bisa memakan waktu beberapa detik)
[173/2802] Fetching data dari Quinos untuk SMB GOLD LOUNGE tanggal 2025-01-29... (Bisa memakan waktu beberapa detik)
[174/2802] Fetching data dari Quinos untuk SMS tanggal 2025-01-29... (Bisa memakan waktu beberapa detik)
[175/2802] Fetching data dari Quinos untuk BSD tanggal 2025-01-30... (Bisa memakan waktu beberapa detik)
[176/2802] Fetching data dari Quinos untuk LA.PIAZZA tanggal 2025-01-30... (Bisa memakan waktu beberapa detik)
[177/2802] Fetching data dari Quinos untuk MKG tanggal 2025-01-30... (Bisa memakan waktu beberapa detik)
[178/2802] Fetching data dari Quinos untuk SMB tanggal 2025-01-30... (Bisa memakan waktu beberapa detik)
[179/2802] Fetching data dari Quinos untuk SMB GOLD LOUNGE tanggal 2025-01-30... (Bisa memakan waktu beberapa detik)
[180/2802] Fetching data dari Quinos untuk SMS tanggal 2025-01-30... (Bisa memakan waktu beberapa detik)
[181/2802] Fetching data dari Quinos untuk BSD tanggal 2025-01-31... (Bisa memakan waktu beberapa detik)
[182/2802] Fetching data dari Quinos untuk LA.PIAZZA tanggal 2025-01-31... (Bisa memakan waktu beberapa detik)
[183/2802] Fetching data dari Quinos untuk MKG tanggal 2025-01-31... (Bisa memakan waktu beberapa detik)
Gagal fetch Quinos MKG 2025-01-31: 
[184/2802] Fetching data dari Quinos untuk SMB tanggal 2025-01-31... (Bisa memakan waktu beberapa detik)
[185/2802] Fetching data dari Quinos untuk SMB GOLD LOUNGE tanggal 2025-01-31... (Bisa memakan waktu beberapa detik)
Gagal fetch Quinos SMB GOLD LOUNGE 2025-01-31: Gagal inisialisasi session: 
[186/2802] Fetching data dari Quinos untuk SMS tanggal 2025-01-31... (Bisa memakan waktu beberapa detik)
[187/2802] Fetching data dari Quinos untuk BSD tanggal 2025-02-01... (Bisa memakan waktu beberapa detik)
[188/2802] Fetching data dari Quinos untuk LA.PIAZZA tanggal 2025-02-01... (Bisa memakan waktu beberapa detik)
[189/2802] Fetching data dari Quinos untuk MKG tanggal 2025-02-01... (Bisa memakan waktu beberapa detik)
[190/2802] Fetching data dari Quinos untuk SMB tanggal 2025-02-01... (Bisa memakan waktu beberapa detik)
Gagal fetch Quinos SMB 2025-02-01: 
[191/2802] Fetching data dari Quinos untuk SMB GOLD LOUNGE tanggal 2025-02-01... (Bisa memakan waktu beberapa detik)
[192/2802] Fetching data dari Quinos untuk SMS tanggal 2025-02-01... (Bisa memakan waktu beberapa detik)
[193/2802] Fetching data dari Quinos untuk BSD tanggal 2025-02-02... (Bisa memakan waktu beberapa detik)
[194/2802] Fetching data dari Quinos untuk LA.PIAZZA tanggal 2025-02-02... (Bisa memakan waktu beberapa detik)
[195/2802] Fetching data dari Quinos untuk MKG tanggal 2025-02-02... (Bisa memakan waktu beberapa detik)
Gagal fetch Quinos MKG 2025-02-02: 
[196/2802] Fetching data dari Quinos untuk SMB tanggal 2025-02-02... (Bisa memakan waktu beberapa detik)
[197/2802] Fetching data dari Quinos untuk SMB GOLD LOUNGE tanggal 2025-02-02... (Bisa memakan waktu beberapa detik)
[198/2802] Fetching data dari Quinos untuk SMS tanggal 2025-02-02... (Bisa memakan waktu beberapa detik)
[199/2802] Fetching data dari Quinos untuk BSD tanggal 2025-02-03... (Bisa memakan waktu beberapa detik)
Gagal fetch Quinos BSD 2025-02-03: 
[200/2802] Fetching data dari Quinos untuk LA.PIAZZA tanggal 2025-02-03... (Bisa memakan waktu beberapa detik)
[201/2802] Fetching data dari Quinos untuk MKG tanggal 2025-02-03... (Bisa memakan waktu beberapa detik)
[202/2802] Fetching data dari Quinos untuk SMB tanggal 2025-02-03... (Bisa memakan waktu beberapa detik)
[203/2802] Fetching data dari Quinos untuk SMB GOLD LOUNGE tanggal 2025-02-03... (Bisa memakan waktu beberapa detik)
[204/2802] Fetching data dari Quinos untuk SMS tanggal 2025-02-03... (Bisa memakan waktu beberapa detik)
[205/2802] Fetching data dari Quinos untuk BSD tanggal 2025-02-04... (Bisa memakan waktu beberapa detik)
[206/2802] Fetching data dari Quinos untuk LA.PIAZZA tanggal 2025-02-04... (Bisa memakan waktu beberapa detik)
[207/2802] Fetching data dari Quinos untuk MKG tanggal 2025-02-04... (Bisa memakan waktu beberapa detik)
[208/2802] Fetching data dari Quinos untuk SMB tanggal 2025-02-04... (Bisa memakan waktu beberapa detik)
[209/2802] Fetching data dari Quinos untuk SMB GOLD LOUNGE tanggal 2025-02-04... (Bisa memakan waktu beberapa detik)
[210/2802] Fetching data dari Quinos untuk SMS tanggal 2025-02-04... (Bisa memakan waktu beberapa detik)
[211/2802] Fetching data dari Quinos untuk BSD tanggal 2025-02-05... (Bisa memakan waktu beberapa detik)
